[0] MPI startup(): Multi-threaded optimized library
[177] DAPL startup(): trying to open DAPL provider from I_MPI_DAPL_PROVIDER: ofa-v2-mlx5_0-1u
[58] DAPL startup(): trying to open DAPL provider from I_MPI_DAPL_PROVIDER: ofa-v2-mlx5_0-1u
[113] DAPL startup(): trying to open DAPL provider from I_MPI_DAPL_PROVIDER: ofa-v2-mlx5_0-1u
[222] DAPL startup(): trying to open DAPL provider from I_MPI_DAPL_PROVIDER: ofa-v2-mlx5_0-1u
[70] DAPL startup(): trying to open DAPL provider from I_MPI_DAPL_PROVIDER: ofa-v2-mlx5_0-1u
[57] DAPL startup(): trying to open DAPL provider from I_MPI_DAPL_PROVIDER: ofa-v2-mlx5_0-1u
[179] DAPL startup(): trying to open DAPL provider from I_MPI_DAPL_PROVIDER: ofa-v2-mlx5_0-1u
[175] DAPL startup(): trying to open DAPL provider from I_MPI_DAPL_PROVIDER: ofa-v2-mlx5_0-1u
[181] DAPL startup(): trying to open DAPL provider from I_MPI_DAPL_PROVIDER: ofa-v2-mlx5_0-1u
[196] DAPL startup(): trying to open DAPL provider from I_MPI_DAPL_PROVIDER: ofa-v2-mlx5_0-1u
[203] DAPL startup(): trying to open DAPL provider from I_MPI_DAPL_PROVIDER: ofa-v2-mlx5_0-1u
[209] DAPL startup(): trying to open DAPL provider from I_MPI_DAPL_PROVIDER: ofa-v2-mlx5_0-1u
[31] DAPL startup(): trying to open DAPL provider from I_MPI_DAPL_PROVIDER: ofa-v2-mlx5_0-1u
[33] DAPL startup(): trying to open DAPL provider from I_MPI_DAPL_PROVIDER: ofa-v2-mlx5_0-1u
[30] DAPL startup(): trying to open DAPL provider from I_MPI_DAPL_PROVIDER: ofa-v2-mlx5_0-1u
[198] DAPL startup(): trying to open DAPL provider from I_MPI_DAPL_PROVIDER: ofa-v2-mlx5_0-1u
[201] DAPL startup(): trying to open DAPL provider from I_MPI_DAPL_PROVIDER: ofa-v2-mlx5_0-1u
[208] DAPL startup(): trying to open DAPL provider from I_MPI_DAPL_PROVIDER: ofa-v2-mlx5_0-1u
[115] DAPL startup(): trying to open DAPL provider from I_MPI_DAPL_PROVIDER: ofa-v2-mlx5_0-1u
[118] DAPL startup(): trying to open DAPL provider from I_MPI_DAPL_PROVIDER: ofa-v2-mlx5_0-1u
[116] DAPL startup(): trying to open DAPL provider from I_MPI_DAPL_PROVIDER: ofa-v2-mlx5_0-1u
[119] DAPL startup(): trying to open DAPL provider from I_MPI_DAPL_PROVIDER: ofa-v2-mlx5_0-1u
[1] DAPL startup(): trying to open DAPL provider from I_MPI_DAPL_PROVIDER: ofa-v2-mlx5_0-1u
[2] DAPL startup(): trying to open DAPL provider from I_MPI_DAPL_PROVIDER: ofa-v2-mlx5_0-1u
[149] DAPL startup(): trying to open DAPL provider from I_MPI_DAPL_PROVIDER: ofa-v2-mlx5_0-1u
[159] DAPL startup(): trying to open DAPL provider from I_MPI_DAPL_PROVIDER: ofa-v2-mlx5_0-1u
[146] DAPL startup(): trying to open DAPL provider from I_MPI_DAPL_PROVIDER: ofa-v2-mlx5_0-1u
[148] DAPL startup(): trying to open DAPL provider from I_MPI_DAPL_PROVIDER: ofa-v2-mlx5_0-1u
[61] DAPL startup(): trying to open DAPL provider from I_MPI_DAPL_PROVIDER: ofa-v2-mlx5_0-1u
[3] DAPL startup(): trying to open DAPL provider from I_MPI_DAPL_PROVIDER: ofa-v2-mlx5_0-1u
[4] DAPL startup(): trying to open DAPL provider from I_MPI_DAPL_PROVIDER: ofa-v2-mlx5_0-1u
[0] DAPL startup(): trying to open DAPL provider from I_MPI_DAPL_PROVIDER: ofa-v2-mlx5_0-1u
[5] DAPL startup(): trying to open DAPL provider from I_MPI_DAPL_PROVIDER: ofa-v2-mlx5_0-1u
[6] DAPL startup(): trying to open DAPL provider from I_MPI_DAPL_PROVIDER: ofa-v2-mlx5_0-1u
[180] DAPL startup(): trying to open DAPL provider from I_MPI_DAPL_PROVIDER: ofa-v2-mlx5_0-1u
[8] DAPL startup(): trying to open DAPL provider from I_MPI_DAPL_PROVIDER: ofa-v2-mlx5_0-1u
[120] DAPL startup(): trying to open DAPL provider from I_MPI_DAPL_PROVIDER: ofa-v2-mlx5_0-1u
[197] DAPL startup(): trying to open DAPL provider from I_MPI_DAPL_PROVIDER: ofa-v2-mlx5_0-1u
[45] DAPL startup(): trying to open DAPL provider from I_MPI_DAPL_PROVIDER: ofa-v2-mlx5_0-1u
[144] DAPL startup(): trying to open DAPL provider from I_MPI_DAPL_PROVIDER: ofa-v2-mlx5_0-1u
[151] DAPL startup(): trying to open DAPL provider from I_MPI_DAPL_PROVIDER: ofa-v2-mlx5_0-1u
[160] DAPL startup(): trying to open DAPL provider from I_MPI_DAPL_PROVIDER: ofa-v2-mlx5_0-1u
[147] DAPL startup(): trying to open DAPL provider from I_MPI_DAPL_PROVIDER: ofa-v2-mlx5_0-1u
[86] DAPL startup(): trying to open DAPL provider from I_MPI_DAPL_PROVIDER: ofa-v2-mlx5_0-1u
[65] DAPL startup(): trying to open DAPL provider from I_MPI_DAPL_PROVIDER: ofa-v2-mlx5_0-1u
[71] DAPL startup(): trying to open DAPL provider from I_MPI_DAPL_PROVIDER: ofa-v2-mlx5_0-1u
[85] DAPL startup(): trying to open DAPL provider from I_MPI_DAPL_PROVIDER: ofa-v2-mlx5_0-1u
[91] DAPL startup(): trying to open DAPL provider from I_MPI_DAPL_PROVIDER: ofa-v2-mlx5_0-1u
[90] DAPL startup(): trying to open DAPL provider from I_MPI_DAPL_PROVIDER: ofa-v2-mlx5_0-1u
[98] DAPL startup(): trying to open DAPL provider from I_MPI_DAPL_PROVIDER: ofa-v2-mlx5_0-1u
[62] DAPL startup(): trying to open DAPL provider from I_MPI_DAPL_PROVIDER: ofa-v2-mlx5_0-1u
[167] DAPL startup(): trying to open DAPL provider from I_MPI_DAPL_PROVIDER: ofa-v2-mlx5_0-1u
[64] DAPL startup(): trying to open DAPL provider from I_MPI_DAPL_PROVIDER: ofa-v2-mlx5_0-1u
[59] DAPL startup(): trying to open DAPL provider from I_MPI_DAPL_PROVIDER: ofa-v2-mlx5_0-1u
[68] DAPL startup(): trying to open DAPL provider from I_MPI_DAPL_PROVIDER: ofa-v2-mlx5_0-1u
[63] DAPL startup(): trying to open DAPL provider from I_MPI_DAPL_PROVIDER: ofa-v2-mlx5_0-1u
[177] MPI startup(): DAPL provider ofa-v2-mlx5_0-1u
[177] MPI startup(): shm and dapl data transfer modes
[56] DAPL startup(): trying to open DAPL provider from I_MPI_DAPL_PROVIDER: ofa-v2-mlx5_0-1u
[122] DAPL startup(): trying to open DAPL provider from I_MPI_DAPL_PROVIDER: ofa-v2-mlx5_0-1u
[191] DAPL startup(): trying to open DAPL provider from I_MPI_DAPL_PROVIDER: ofa-v2-mlx5_0-1u
[73] DAPL startup(): trying to open DAPL provider from I_MPI_DAPL_PROVIDER: ofa-v2-mlx5_0-1u
[182] DAPL startup(): trying to open DAPL provider from I_MPI_DAPL_PROVIDER: ofa-v2-mlx5_0-1u
[205] DAPL startup(): trying to open DAPL provider from I_MPI_DAPL_PROVIDER: ofa-v2-mlx5_0-1u
[183] DAPL startup(): trying to open DAPL provider from I_MPI_DAPL_PROVIDER: ofa-v2-mlx5_0-1u
[123] DAPL startup(): trying to open DAPL provider from I_MPI_DAPL_PROVIDER: ofa-v2-mlx5_0-1u
[189] DAPL startup(): trying to open DAPL provider from I_MPI_DAPL_PROVIDER: ofa-v2-mlx5_0-1u
[193] DAPL startup(): trying to open DAPL provider from I_MPI_DAPL_PROVIDER: ofa-v2-mlx5_0-1u
[195] DAPL startup(): trying to open DAPL provider from I_MPI_DAPL_PROVIDER: ofa-v2-mlx5_0-1u
[194] DAPL startup(): trying to open DAPL provider from I_MPI_DAPL_PROVIDER: ofa-v2-mlx5_0-1u
[67] DAPL startup(): trying to open DAPL provider from I_MPI_DAPL_PROVIDER: ofa-v2-mlx5_0-1u
[72] DAPL startup(): trying to open DAPL provider from I_MPI_DAPL_PROVIDER: ofa-v2-mlx5_0-1u
[128] DAPL startup(): trying to open DAPL provider from I_MPI_DAPL_PROVIDER: ofa-v2-mlx5_0-1u
[141] DAPL startup(): trying to open DAPL provider from I_MPI_DAPL_PROVIDER: ofa-v2-mlx5_0-1u
[142] DAPL startup(): trying to open DAPL provider from I_MPI_DAPL_PROVIDER: ofa-v2-mlx5_0-1u
[140] DAPL startup(): trying to open DAPL provider from I_MPI_DAPL_PROVIDER: ofa-v2-mlx5_0-1u
[74] DAPL startup(): trying to open DAPL provider from I_MPI_DAPL_PROVIDER: ofa-v2-mlx5_0-1u
[154] DAPL startup(): trying to open DAPL provider from I_MPI_DAPL_PROVIDER: ofa-v2-mlx5_0-1u
[75] DAPL startup(): trying to open DAPL provider from I_MPI_DAPL_PROVIDER: ofa-v2-mlx5_0-1u
[143] DAPL startup(): trying to open DAPL provider from I_MPI_DAPL_PROVIDER: ofa-v2-mlx5_0-1u
[145] DAPL startup(): trying to open DAPL provider from I_MPI_DAPL_PROVIDER: ofa-v2-mlx5_0-1u
[79] DAPL startup(): trying to open DAPL provider from I_MPI_DAPL_PROVIDER: ofa-v2-mlx5_0-1u
[152] DAPL startup(): trying to open DAPL provider from I_MPI_DAPL_PROVIDER: ofa-v2-mlx5_0-1u
[78] DAPL startup(): trying to open DAPL provider from I_MPI_DAPL_PROVIDER: ofa-v2-mlx5_0-1u
[66] DAPL startup(): trying to open DAPL provider from I_MPI_DAPL_PROVIDER: ofa-v2-mlx5_0-1u
[60] DAPL startup(): trying to open DAPL provider from I_MPI_DAPL_PROVIDER: ofa-v2-mlx5_0-1u
[77] DAPL startup(): trying to open DAPL provider from I_MPI_DAPL_PROVIDER: ofa-v2-mlx5_0-1u
[83] DAPL startup(): trying to open DAPL provider from I_MPI_DAPL_PROVIDER: ofa-v2-mlx5_0-1u
[76] DAPL startup(): trying to open DAPL provider from I_MPI_DAPL_PROVIDER: ofa-v2-mlx5_0-1u
[80] DAPL startup(): trying to open DAPL provider from I_MPI_DAPL_PROVIDER: ofa-v2-mlx5_0-1u
[81] DAPL startup(): trying to open DAPL provider from I_MPI_DAPL_PROVIDER: ofa-v2-mlx5_0-1u
[82] DAPL startup(): trying to open DAPL provider from I_MPI_DAPL_PROVIDER: ofa-v2-mlx5_0-1u
[204] DAPL startup(): trying to open DAPL provider from I_MPI_DAPL_PROVIDER: ofa-v2-mlx5_0-1u
[207] DAPL startup(): trying to open DAPL provider from I_MPI_DAPL_PROVIDER: ofa-v2-mlx5_0-1u
[168] DAPL startup(): trying to open DAPL provider from I_MPI_DAPL_PROVIDER: ofa-v2-mlx5_0-1u
[178] DAPL startup(): trying to open DAPL provider from I_MPI_DAPL_PROVIDER: ofa-v2-mlx5_0-1u
[130] DAPL startup(): trying to open DAPL provider from I_MPI_DAPL_PROVIDER: ofa-v2-mlx5_0-1u
[213] DAPL startup(): trying to open DAPL provider from I_MPI_DAPL_PROVIDER: ofa-v2-mlx5_0-1u
[129] DAPL startup(): trying to open DAPL provider from I_MPI_DAPL_PROVIDER: ofa-v2-mlx5_0-1u
[216] DAPL startup(): trying to open DAPL provider from I_MPI_DAPL_PROVIDER: ofa-v2-mlx5_0-1u
[132] DAPL startup(): trying to open DAPL provider from I_MPI_DAPL_PROVIDER: ofa-v2-mlx5_0-1u
[212] DAPL startup(): trying to open DAPL provider from I_MPI_DAPL_PROVIDER: ofa-v2-mlx5_0-1u
[135] DAPL startup(): trying to open DAPL provider from I_MPI_DAPL_PROVIDER: ofa-v2-mlx5_0-1u
[47] DAPL startup(): trying to open DAPL provider from I_MPI_DAPL_PROVIDER: ofa-v2-mlx5_0-1u
[133] DAPL startup(): trying to open DAPL provider from I_MPI_DAPL_PROVIDER: ofa-v2-mlx5_0-1u
[187] DAPL startup(): trying to open DAPL provider from I_MPI_DAPL_PROVIDER: ofa-v2-mlx5_0-1u
[134] DAPL startup(): trying to open DAPL provider from I_MPI_DAPL_PROVIDER: ofa-v2-mlx5_0-1u
[188] DAPL startup(): trying to open DAPL provider from I_MPI_DAPL_PROVIDER: ofa-v2-mlx5_0-1u
[127] DAPL startup(): trying to open DAPL provider from I_MPI_DAPL_PROVIDER: ofa-v2-mlx5_0-1u
[48] DAPL startup(): trying to open DAPL provider from I_MPI_DAPL_PROVIDER: ofa-v2-mlx5_0-1u
[184] DAPL startup(): trying to open DAPL provider from I_MPI_DAPL_PROVIDER: ofa-v2-mlx5_0-1u
[202] DAPL startup(): trying to open DAPL provider from I_MPI_DAPL_PROVIDER: ofa-v2-mlx5_0-1u
[174] DAPL startup(): trying to open DAPL provider from I_MPI_DAPL_PROVIDER: ofa-v2-mlx5_0-1u
[200] DAPL startup(): trying to open DAPL provider from I_MPI_DAPL_PROVIDER: ofa-v2-mlx5_0-1u
[218] DAPL startup(): trying to open DAPL provider from I_MPI_DAPL_PROVIDER: ofa-v2-mlx5_0-1u
[217] DAPL startup(): trying to open DAPL provider from I_MPI_DAPL_PROVIDER: ofa-v2-mlx5_0-1u
[137] DAPL startup(): trying to open DAPL provider from I_MPI_DAPL_PROVIDER: ofa-v2-mlx5_0-1u
[138] DAPL startup(): trying to open DAPL provider from I_MPI_DAPL_PROVIDER: ofa-v2-mlx5_0-1u
[169] DAPL startup(): trying to open DAPL provider from I_MPI_DAPL_PROVIDER: ofa-v2-mlx5_0-1u
[170] DAPL startup(): trying to open DAPL provider from I_MPI_DAPL_PROVIDER: ofa-v2-mlx5_0-1u
[219] DAPL startup(): trying to open DAPL provider from I_MPI_DAPL_PROVIDER: ofa-v2-mlx5_0-1u
[220] DAPL startup(): trying to open DAPL provider from I_MPI_DAPL_PROVIDER: ofa-v2-mlx5_0-1u
[190] DAPL startup(): trying to open DAPL provider from I_MPI_DAPL_PROVIDER: ofa-v2-mlx5_0-1u
[171] DAPL startup(): trying to open DAPL provider from I_MPI_DAPL_PROVIDER: ofa-v2-mlx5_0-1u
[185] DAPL startup(): trying to open DAPL provider from I_MPI_DAPL_PROVIDER: ofa-v2-mlx5_0-1u
[136] DAPL startup(): trying to open DAPL provider from I_MPI_DAPL_PROVIDER: ofa-v2-mlx5_0-1u
[206] DAPL startup(): trying to open DAPL provider from I_MPI_DAPL_PROVIDER: ofa-v2-mlx5_0-1u
[117] DAPL startup(): trying to open DAPL provider from I_MPI_DAPL_PROVIDER: ofa-v2-mlx5_0-1u
[126] DAPL startup(): trying to open DAPL provider from I_MPI_DAPL_PROVIDER: ofa-v2-mlx5_0-1u
[214] DAPL startup(): trying to open DAPL provider from I_MPI_DAPL_PROVIDER: ofa-v2-mlx5_0-1u
[114] DAPL startup(): trying to open DAPL provider from I_MPI_DAPL_PROVIDER: ofa-v2-mlx5_0-1u
[124] DAPL startup(): trying to open DAPL provider from I_MPI_DAPL_PROVIDER: ofa-v2-mlx5_0-1u
[131] DAPL startup(): trying to open DAPL provider from I_MPI_DAPL_PROVIDER: ofa-v2-mlx5_0-1u
[69] DAPL startup(): trying to open DAPL provider from I_MPI_DAPL_PROVIDER: ofa-v2-mlx5_0-1u
[112] DAPL startup(): trying to open DAPL provider from I_MPI_DAPL_PROVIDER: ofa-v2-mlx5_0-1u
[186] DAPL startup(): trying to open DAPL provider from I_MPI_DAPL_PROVIDER: ofa-v2-mlx5_0-1u
[121] DAPL startup(): trying to open DAPL provider from I_MPI_DAPL_PROVIDER: ofa-v2-mlx5_0-1u
[125] DAPL startup(): trying to open DAPL provider from I_MPI_DAPL_PROVIDER: ofa-v2-mlx5_0-1u
[172] DAPL startup(): trying to open DAPL provider from I_MPI_DAPL_PROVIDER: ofa-v2-mlx5_0-1u
[139] DAPL startup(): trying to open DAPL provider from I_MPI_DAPL_PROVIDER: ofa-v2-mlx5_0-1u
[199] DAPL startup(): trying to open DAPL provider from I_MPI_DAPL_PROVIDER: ofa-v2-mlx5_0-1u
[176] DAPL startup(): trying to open DAPL provider from I_MPI_DAPL_PROVIDER: ofa-v2-mlx5_0-1u
[210] DAPL startup(): trying to open DAPL provider from I_MPI_DAPL_PROVIDER: ofa-v2-mlx5_0-1u
[211] DAPL startup(): trying to open DAPL provider from I_MPI_DAPL_PROVIDER: ofa-v2-mlx5_0-1u
[215] DAPL startup(): trying to open DAPL provider from I_MPI_DAPL_PROVIDER: ofa-v2-mlx5_0-1u
[221] DAPL startup(): trying to open DAPL provider from I_MPI_DAPL_PROVIDER: ofa-v2-mlx5_0-1u
[223] DAPL startup(): trying to open DAPL provider from I_MPI_DAPL_PROVIDER: ofa-v2-mlx5_0-1u
[192] DAPL startup(): trying to open DAPL provider from I_MPI_DAPL_PROVIDER: ofa-v2-mlx5_0-1u
[49] DAPL startup(): trying to open DAPL provider from I_MPI_DAPL_PROVIDER: ofa-v2-mlx5_0-1u
[173] DAPL startup(): trying to open DAPL provider from I_MPI_DAPL_PROVIDER: ofa-v2-mlx5_0-1u
[84] DAPL startup(): trying to open DAPL provider from I_MPI_DAPL_PROVIDER: ofa-v2-mlx5_0-1u
[53] DAPL startup(): trying to open DAPL provider from I_MPI_DAPL_PROVIDER: ofa-v2-mlx5_0-1u
[35] DAPL startup(): trying to open DAPL provider from I_MPI_DAPL_PROVIDER: ofa-v2-mlx5_0-1u
[39] DAPL startup(): trying to open DAPL provider from I_MPI_DAPL_PROVIDER: ofa-v2-mlx5_0-1u
[50] DAPL startup(): trying to open DAPL provider from I_MPI_DAPL_PROVIDER: ofa-v2-mlx5_0-1u
[54] DAPL startup(): trying to open DAPL provider from I_MPI_DAPL_PROVIDER: ofa-v2-mlx5_0-1u
[55] DAPL startup(): trying to open DAPL provider from I_MPI_DAPL_PROVIDER: ofa-v2-mlx5_0-1u
[41] DAPL startup(): trying to open DAPL provider from I_MPI_DAPL_PROVIDER: ofa-v2-mlx5_0-1u
[51] DAPL startup(): trying to open DAPL provider from I_MPI_DAPL_PROVIDER: ofa-v2-mlx5_0-1u
[52] DAPL startup(): trying to open DAPL provider from I_MPI_DAPL_PROVIDER: ofa-v2-mlx5_0-1u
[57] MPI startup(): DAPL provider ofa-v2-mlx5_0-1u
[57] MPI startup(): shm and dapl data transfer modes
[70] MPI startup(): DAPL provider ofa-v2-mlx5_0-1u
[58] MPI startup(): DAPL provider ofa-v2-mlx5_0-1u
[58] MPI startup(): shm and dapl data transfer modes
[70] MPI startup(): shm and dapl data transfer modes
[29] DAPL startup(): trying to open DAPL provider from I_MPI_DAPL_PROVIDER: ofa-v2-mlx5_0-1u
[28] DAPL startup(): trying to open DAPL provider from I_MPI_DAPL_PROVIDER: ofa-v2-mlx5_0-1u
[32] DAPL startup(): trying to open DAPL provider from I_MPI_DAPL_PROVIDER: ofa-v2-mlx5_0-1u
[43] DAPL startup(): trying to open DAPL provider from I_MPI_DAPL_PROVIDER: ofa-v2-mlx5_0-1u
[37] DAPL startup(): trying to open DAPL provider from I_MPI_DAPL_PROVIDER: ofa-v2-mlx5_0-1u
[46] DAPL startup(): trying to open DAPL provider from I_MPI_DAPL_PROVIDER: ofa-v2-mlx5_0-1u
[36] DAPL startup(): trying to open DAPL provider from I_MPI_DAPL_PROVIDER: ofa-v2-mlx5_0-1u
[38] DAPL startup(): trying to open DAPL provider from I_MPI_DAPL_PROVIDER: ofa-v2-mlx5_0-1u
[44] DAPL startup(): trying to open DAPL provider from I_MPI_DAPL_PROVIDER: ofa-v2-mlx5_0-1u
[40] DAPL startup(): trying to open DAPL provider from I_MPI_DAPL_PROVIDER: ofa-v2-mlx5_0-1u
[34] DAPL startup(): trying to open DAPL provider from I_MPI_DAPL_PROVIDER: ofa-v2-mlx5_0-1u
[93] DAPL startup(): trying to open DAPL provider from I_MPI_DAPL_PROVIDER: ofa-v2-mlx5_0-1u
[9] DAPL startup(): trying to open DAPL provider from I_MPI_DAPL_PROVIDER: ofa-v2-mlx5_0-1u
[12] DAPL startup(): trying to open DAPL provider from I_MPI_DAPL_PROVIDER: ofa-v2-mlx5_0-1u
[42] DAPL startup(): trying to open DAPL provider from I_MPI_DAPL_PROVIDER: ofa-v2-mlx5_0-1u
[181] MPI startup(): DAPL provider ofa-v2-mlx5_0-1u
[181] MPI startup(): shm and dapl data transfer modes
[16] DAPL startup(): trying to open DAPL provider from I_MPI_DAPL_PROVIDER: ofa-v2-mlx5_0-1u
[19] DAPL startup(): trying to open DAPL provider from I_MPI_DAPL_PROVIDER: ofa-v2-mlx5_0-1u
[20] DAPL startup(): trying to open DAPL provider from I_MPI_DAPL_PROVIDER: ofa-v2-mlx5_0-1u
[24] DAPL startup(): trying to open DAPL provider from I_MPI_DAPL_PROVIDER: ofa-v2-mlx5_0-1u
[21] DAPL startup(): trying to open DAPL provider from I_MPI_DAPL_PROVIDER: ofa-v2-mlx5_0-1u
[14] DAPL startup(): trying to open DAPL provider from I_MPI_DAPL_PROVIDER: ofa-v2-mlx5_0-1u
[26] DAPL startup(): trying to open DAPL provider from I_MPI_DAPL_PROVIDER: ofa-v2-mlx5_0-1u
[27] DAPL startup(): trying to open DAPL provider from I_MPI_DAPL_PROVIDER: ofa-v2-mlx5_0-1u
[7] DAPL startup(): trying to open DAPL provider from I_MPI_DAPL_PROVIDER: ofa-v2-mlx5_0-1u
[179] MPI startup(): DAPL provider ofa-v2-mlx5_0-1u
[179] MPI startup(): shm and dapl data transfer modes
[11] DAPL startup(): trying to open DAPL provider from I_MPI_DAPL_PROVIDER: ofa-v2-mlx5_0-1u
[13] DAPL startup(): trying to open DAPL provider from I_MPI_DAPL_PROVIDER: ofa-v2-mlx5_0-1u
[15] DAPL startup(): trying to open DAPL provider from I_MPI_DAPL_PROVIDER: ofa-v2-mlx5_0-1u
[18] DAPL startup(): trying to open DAPL provider from I_MPI_DAPL_PROVIDER: ofa-v2-mlx5_0-1u
[17] DAPL startup(): trying to open DAPL provider from I_MPI_DAPL_PROVIDER: ofa-v2-mlx5_0-1u
[23] DAPL startup(): trying to open DAPL provider from I_MPI_DAPL_PROVIDER: ofa-v2-mlx5_0-1u
[175] MPI startup(): DAPL provider ofa-v2-mlx5_0-1u
[10] DAPL startup(): trying to open DAPL provider from I_MPI_DAPL_PROVIDER: ofa-v2-mlx5_0-1u
[22] DAPL startup(): trying to open DAPL provider from I_MPI_DAPL_PROVIDER: ofa-v2-mlx5_0-1u
[25] DAPL startup(): trying to open DAPL provider from I_MPI_DAPL_PROVIDER: ofa-v2-mlx5_0-1u
[175] MPI startup(): shm and dapl data transfer modes
[116] MPI startup(): DAPL provider ofa-v2-mlx5_0-1u
[116] MPI startup(): shm and dapl data transfer modes
[113] MPI startup(): DAPL provider ofa-v2-mlx5_0-1u
[115] MPI startup(): DAPL provider ofa-v2-mlx5_0-1u
[113] MPI startup(): shm and dapl data transfer modes
[61] MPI startup(): DAPL provider ofa-v2-mlx5_0-1u
[118] MPI startup(): DAPL provider ofa-v2-mlx5_0-1u
[115] MPI startup(): shm and dapl data transfer modes
[61] MPI startup(): shm and dapl data transfer modes
[118] MPI startup(): shm and dapl data transfer modes
[222] MPI startup(): DAPL provider ofa-v2-mlx5_0-1u
[201] MPI startup(): DAPL provider ofa-v2-mlx5_0-1u
[209] MPI startup(): DAPL provider ofa-v2-mlx5_0-1u
[222] MPI startup(): shm and dapl data transfer modes
[201] MPI startup(): shm and dapl data transfer modes
[198] MPI startup(): DAPL provider ofa-v2-mlx5_0-1u
[209] MPI startup(): shm and dapl data transfer modes
[198] MPI startup(): shm and dapl data transfer modes
[203] MPI startup(): DAPL provider ofa-v2-mlx5_0-1u
[208] MPI startup(): DAPL provider ofa-v2-mlx5_0-1u
[196] MPI startup(): DAPL provider ofa-v2-mlx5_0-1u
[203] MPI startup(): shm and dapl data transfer modes
[208] MPI startup(): shm and dapl data transfer modes
[196] MPI startup(): shm and dapl data transfer modes
[99] DAPL startup(): trying to open DAPL provider from I_MPI_DAPL_PROVIDER: ofa-v2-mlx5_0-1u
[97] DAPL startup(): trying to open DAPL provider from I_MPI_DAPL_PROVIDER: ofa-v2-mlx5_0-1u
[162] DAPL startup(): trying to open DAPL provider from I_MPI_DAPL_PROVIDER: ofa-v2-mlx5_0-1u
[164] DAPL startup(): trying to open DAPL provider from I_MPI_DAPL_PROVIDER: ofa-v2-mlx5_0-1u
[87] DAPL startup(): trying to open DAPL provider from I_MPI_DAPL_PROVIDER: ofa-v2-mlx5_0-1u
[94] DAPL startup(): trying to open DAPL provider from I_MPI_DAPL_PROVIDER: ofa-v2-mlx5_0-1u
[163] DAPL startup(): trying to open DAPL provider from I_MPI_DAPL_PROVIDER: ofa-v2-mlx5_0-1u
[166] DAPL startup(): trying to open DAPL provider from I_MPI_DAPL_PROVIDER: ofa-v2-mlx5_0-1u
[180] MPI startup(): DAPL provider ofa-v2-mlx5_0-1u
[180] MPI startup(): shm and dapl data transfer modes
[119] MPI startup(): DAPL provider ofa-v2-mlx5_0-1u
[120] MPI startup(): DAPL provider ofa-v2-mlx5_0-1u
[119] MPI startup(): shm and dapl data transfer modes
[120] MPI startup(): shm and dapl data transfer modes
[157] DAPL startup(): trying to open DAPL provider from I_MPI_DAPL_PROVIDER: ofa-v2-mlx5_0-1u
[150] DAPL startup(): trying to open DAPL provider from I_MPI_DAPL_PROVIDER: ofa-v2-mlx5_0-1u
[153] DAPL startup(): trying to open DAPL provider from I_MPI_DAPL_PROVIDER: ofa-v2-mlx5_0-1u
[156] DAPL startup(): trying to open DAPL provider from I_MPI_DAPL_PROVIDER: ofa-v2-mlx5_0-1u
[165] DAPL startup(): trying to open DAPL provider from I_MPI_DAPL_PROVIDER: ofa-v2-mlx5_0-1u
[8] MPI startup(): DAPL provider ofa-v2-mlx5_0-1u
[8] MPI startup(): shm and dapl data transfer modes
[2] MPI startup(): DAPL provider ofa-v2-mlx5_0-1u
[1] MPI startup(): DAPL provider ofa-v2-mlx5_0-1u
[2] MPI startup(): shm and dapl data transfer modes
[1] MPI startup(): shm and dapl data transfer modes
[3] MPI startup(): DAPL provider ofa-v2-mlx5_0-1u
[3] MPI startup(): shm and dapl data transfer modes
[31] MPI startup(): DAPL provider ofa-v2-mlx5_0-1u
[33] MPI startup(): DAPL provider ofa-v2-mlx5_0-1u
[161] DAPL startup(): trying to open DAPL provider from I_MPI_DAPL_PROVIDER: ofa-v2-mlx5_0-1u
[31] MPI startup(): shm and dapl data transfer modes
[30] MPI startup(): DAPL provider ofa-v2-mlx5_0-1u
[155] DAPL startup(): trying to open DAPL provider from I_MPI_DAPL_PROVIDER: ofa-v2-mlx5_0-1u
[33] MPI startup(): shm and dapl data transfer modes
[30] MPI startup(): shm and dapl data transfer modes
[158] DAPL startup(): trying to open DAPL provider from I_MPI_DAPL_PROVIDER: ofa-v2-mlx5_0-1u
[0] MPI startup(): DAPL provider ofa-v2-mlx5_0-1u
[0] MPI startup(): shm and dapl data transfer modes
[197] MPI startup(): DAPL provider ofa-v2-mlx5_0-1u
[197] MPI startup(): shm and dapl data transfer modes
[79] MPI startup(): DAPL provider ofa-v2-mlx5_0-1u
[79] MPI startup(): shm and dapl data transfer modes
[148] MPI startup(): DAPL provider ofa-v2-mlx5_0-1u
[148] MPI startup(): shm and dapl data transfer modes
[159] MPI startup(): DAPL provider ofa-v2-mlx5_0-1u
[146] MPI startup(): DAPL provider ofa-v2-mlx5_0-1u
[159] MPI startup(): shm and dapl data transfer modes
[146] MPI startup(): shm and dapl data transfer modes
[149] MPI startup(): DAPL provider ofa-v2-mlx5_0-1u
[149] MPI startup(): shm and dapl data transfer modes
[4] MPI startup(): DAPL provider ofa-v2-mlx5_0-1u
[5] MPI startup(): DAPL provider ofa-v2-mlx5_0-1u
[6] MPI startup(): DAPL provider ofa-v2-mlx5_0-1u
[4] MPI startup(): shm and dapl data transfer modes
[5] MPI startup(): shm and dapl data transfer modes
[6] MPI startup(): shm and dapl data transfer modes
[144] MPI startup(): DAPL provider ofa-v2-mlx5_0-1u
[147] MPI startup(): DAPL provider ofa-v2-mlx5_0-1u
[144] MPI startup(): shm and dapl data transfer modes
[147] MPI startup(): shm and dapl data transfer modes
[151] MPI startup(): DAPL provider ofa-v2-mlx5_0-1u
[151] MPI startup(): shm and dapl data transfer modes
[112] MPI startup(): DAPL provider ofa-v2-mlx5_0-1u
[112] MPI startup(): shm and dapl data transfer modes
[160] MPI startup(): DAPL provider ofa-v2-mlx5_0-1u
[160] MPI startup(): shm and dapl data transfer modes
[167] MPI startup(): DAPL provider ofa-v2-mlx5_0-1u
[167] MPI startup(): shm and dapl data transfer modes
[45] MPI startup(): DAPL provider ofa-v2-mlx5_0-1u
[45] MPI startup(): shm and dapl data transfer modes
[214] MPI startup(): DAPL provider ofa-v2-mlx5_0-1u
[214] MPI startup(): shm and dapl data transfer modes
[100] DAPL startup(): trying to open DAPL provider from I_MPI_DAPL_PROVIDER: ofa-v2-mlx5_0-1u
[101] DAPL startup(): trying to open DAPL provider from I_MPI_DAPL_PROVIDER: ofa-v2-mlx5_0-1u
[103] DAPL startup(): trying to open DAPL provider from I_MPI_DAPL_PROVIDER: ofa-v2-mlx5_0-1u
[104] DAPL startup(): trying to open DAPL provider from I_MPI_DAPL_PROVIDER: ofa-v2-mlx5_0-1u
[96] DAPL startup(): trying to open DAPL provider from I_MPI_DAPL_PROVIDER: ofa-v2-mlx5_0-1u
[141] MPI startup(): DAPL provider ofa-v2-mlx5_0-1u
[95] DAPL startup(): trying to open DAPL provider from I_MPI_DAPL_PROVIDER: ofa-v2-mlx5_0-1u
[86] MPI startup(): DAPL provider ofa-v2-mlx5_0-1u
[85] MPI startup(): DAPL provider ofa-v2-mlx5_0-1u
[90] MPI startup(): DAPL provider ofa-v2-mlx5_0-1u
[140] MPI startup(): DAPL provider ofa-v2-mlx5_0-1u
[141] MPI startup(): shm and dapl data transfer modes
[98] MPI startup(): DAPL provider ofa-v2-mlx5_0-1u
[142] MPI startup(): DAPL provider ofa-v2-mlx5_0-1u
[85] MPI startup(): shm and dapl data transfer modes
[86] MPI startup(): shm and dapl data transfer modes
[90] MPI startup(): shm and dapl data transfer modes
[91] MPI startup(): DAPL provider ofa-v2-mlx5_0-1u
[140] MPI startup(): shm and dapl data transfer modes
[143] MPI startup(): DAPL provider ofa-v2-mlx5_0-1u
[142] MPI startup(): shm and dapl data transfer modes
[98] MPI startup(): shm and dapl data transfer modes
[105] DAPL startup(): trying to open DAPL provider from I_MPI_DAPL_PROVIDER: ofa-v2-mlx5_0-1u
[91] MPI startup(): shm and dapl data transfer modes
[145] MPI startup(): DAPL provider ofa-v2-mlx5_0-1u
[143] MPI startup(): shm and dapl data transfer modes
[108] DAPL startup(): trying to open DAPL provider from I_MPI_DAPL_PROVIDER: ofa-v2-mlx5_0-1u
[145] MPI startup(): shm and dapl data transfer modes
[152] MPI startup(): DAPL provider ofa-v2-mlx5_0-1u
[106] DAPL startup(): trying to open DAPL provider from I_MPI_DAPL_PROVIDER: ofa-v2-mlx5_0-1u
[89] DAPL startup(): trying to open DAPL provider from I_MPI_DAPL_PROVIDER: ofa-v2-mlx5_0-1u
[88] DAPL startup(): trying to open DAPL provider from I_MPI_DAPL_PROVIDER: ofa-v2-mlx5_0-1u
[92] DAPL startup(): trying to open DAPL provider from I_MPI_DAPL_PROVIDER: ofa-v2-mlx5_0-1u
[107] DAPL startup(): trying to open DAPL provider from I_MPI_DAPL_PROVIDER: ofa-v2-mlx5_0-1u
[102] DAPL startup(): trying to open DAPL provider from I_MPI_DAPL_PROVIDER: ofa-v2-mlx5_0-1u
[152] MPI startup(): shm and dapl data transfer modes
[154] MPI startup(): DAPL provider ofa-v2-mlx5_0-1u
[109] DAPL startup(): trying to open DAPL provider from I_MPI_DAPL_PROVIDER: ofa-v2-mlx5_0-1u
[111] DAPL startup(): trying to open DAPL provider from I_MPI_DAPL_PROVIDER: ofa-v2-mlx5_0-1u
[110] DAPL startup(): trying to open DAPL provider from I_MPI_DAPL_PROVIDER: ofa-v2-mlx5_0-1u
[154] MPI startup(): shm and dapl data transfer modes
[48] MPI startup(): DAPL provider ofa-v2-mlx5_0-1u
[47] MPI startup(): DAPL provider ofa-v2-mlx5_0-1u
[48] MPI startup(): shm and dapl data transfer modes
[47] MPI startup(): shm and dapl data transfer modes
[63] MPI startup(): DAPL provider ofa-v2-mlx5_0-1u
[66] MPI startup(): DAPL provider ofa-v2-mlx5_0-1u
[63] MPI startup(): shm and dapl data transfer modes
[66] MPI startup(): shm and dapl data transfer modes
[64] MPI startup(): DAPL provider ofa-v2-mlx5_0-1u
[64] MPI startup(): shm and dapl data transfer modes
[72] MPI startup(): DAPL provider ofa-v2-mlx5_0-1u
[62] MPI startup(): DAPL provider ofa-v2-mlx5_0-1u
[72] MPI startup(): shm and dapl data transfer modes
[73] MPI startup(): DAPL provider ofa-v2-mlx5_0-1u
[76] MPI startup(): DAPL provider ofa-v2-mlx5_0-1u
[62] MPI startup(): shm and dapl data transfer modes
[75] MPI startup(): DAPL provider ofa-v2-mlx5_0-1u
[67] MPI startup(): DAPL provider ofa-v2-mlx5_0-1u
[73] MPI startup(): shm and dapl data transfer modes
[76] MPI startup(): shm and dapl data transfer modes
[78] MPI startup(): DAPL provider ofa-v2-mlx5_0-1u
[75] MPI startup(): shm and dapl data transfer modes
[81] MPI startup(): DAPL provider ofa-v2-mlx5_0-1u
[74] MPI startup(): DAPL provider ofa-v2-mlx5_0-1u
[67] MPI startup(): shm and dapl data transfer modes
[78] MPI startup(): shm and dapl data transfer modes
[68] MPI startup(): DAPL provider ofa-v2-mlx5_0-1u
[81] MPI startup(): shm and dapl data transfer modes
[74] MPI startup(): shm and dapl data transfer modes
[82] MPI startup(): DAPL provider ofa-v2-mlx5_0-1u
[56] MPI startup(): DAPL provider ofa-v2-mlx5_0-1u
[68] MPI startup(): shm and dapl data transfer modes
[82] MPI startup(): shm and dapl data transfer modes
[56] MPI startup(): shm and dapl data transfer modes
[80] MPI startup(): DAPL provider ofa-v2-mlx5_0-1u
[77] MPI startup(): DAPL provider ofa-v2-mlx5_0-1u
[80] MPI startup(): shm and dapl data transfer modes
[83] MPI startup(): DAPL provider ofa-v2-mlx5_0-1u
[60] MPI startup(): DAPL provider ofa-v2-mlx5_0-1u
[77] MPI startup(): shm and dapl data transfer modes
[69] MPI startup(): DAPL provider ofa-v2-mlx5_0-1u
[83] MPI startup(): shm and dapl data transfer modes
[59] MPI startup(): DAPL provider ofa-v2-mlx5_0-1u
[60] MPI startup(): shm and dapl data transfer modes
[65] MPI startup(): DAPL provider ofa-v2-mlx5_0-1u
[71] MPI startup(): DAPL provider ofa-v2-mlx5_0-1u
[69] MPI startup(): shm and dapl data transfer modes
[59] MPI startup(): shm and dapl data transfer modes
[65] MPI startup(): shm and dapl data transfer modes
[71] MPI startup(): shm and dapl data transfer modes
[121] MPI startup(): DAPL provider ofa-v2-mlx5_0-1u
[121] MPI startup(): shm and dapl data transfer modes
[123] MPI startup(): DAPL provider ofa-v2-mlx5_0-1u
[123] MPI startup(): shm and dapl data transfer modes
[122] MPI startup(): DAPL provider ofa-v2-mlx5_0-1u
[131] MPI startup(): DAPL provider ofa-v2-mlx5_0-1u
[122] MPI startup(): shm and dapl data transfer modes
[117] MPI startup(): DAPL provider ofa-v2-mlx5_0-1u
[130] MPI startup(): DAPL provider ofa-v2-mlx5_0-1u
[131] MPI startup(): shm and dapl data transfer modes
[117] MPI startup(): shm and dapl data transfer modes
[128] MPI startup(): DAPL provider ofa-v2-mlx5_0-1u
[178] MPI startup(): DAPL provider ofa-v2-mlx5_0-1u
[182] MPI startup(): DAPL provider ofa-v2-mlx5_0-1u
[126] MPI startup(): DAPL provider ofa-v2-mlx5_0-1u
[130] MPI startup(): shm and dapl data transfer modes
[178] MPI startup(): shm and dapl data transfer modes
[128] MPI startup(): shm and dapl data transfer modes
[174] MPI startup(): DAPL provider ofa-v2-mlx5_0-1u
[182] MPI startup(): shm and dapl data transfer modes
[125] MPI startup(): DAPL provider ofa-v2-mlx5_0-1u
[129] MPI startup(): DAPL provider ofa-v2-mlx5_0-1u
[126] MPI startup(): shm and dapl data transfer modes
[135] MPI startup(): DAPL provider ofa-v2-mlx5_0-1u
[124] MPI startup(): DAPL provider ofa-v2-mlx5_0-1u
[174] MPI startup(): shm and dapl data transfer modes
[125] MPI startup(): shm and dapl data transfer modes
[129] MPI startup(): shm and dapl data transfer modes
[134] MPI startup(): DAPL provider ofa-v2-mlx5_0-1u
[138] MPI startup(): DAPL provider ofa-v2-mlx5_0-1u
[124] MPI startup(): shm and dapl data transfer modes
[132] MPI startup(): DAPL provider ofa-v2-mlx5_0-1u
[135] MPI startup(): shm and dapl data transfer modes
[133] MPI startup(): DAPL provider ofa-v2-mlx5_0-1u
[183] MPI startup(): DAPL provider ofa-v2-mlx5_0-1u
[134] MPI startup(): shm and dapl data transfer modes
[132] MPI startup(): shm and dapl data transfer modes
[137] MPI startup(): DAPL provider ofa-v2-mlx5_0-1u
[138] MPI startup(): shm and dapl data transfer modes
[139] MPI startup(): DAPL provider ofa-v2-mlx5_0-1u
[127] MPI startup(): DAPL provider ofa-v2-mlx5_0-1u
[136] MPI startup(): DAPL provider ofa-v2-mlx5_0-1u
[133] MPI startup(): shm and dapl data transfer modes
[183] MPI startup(): shm and dapl data transfer modes
[190] MPI startup(): DAPL provider ofa-v2-mlx5_0-1u
[114] MPI startup(): DAPL provider ofa-v2-mlx5_0-1u
[137] MPI startup(): shm and dapl data transfer modes
[186] MPI startup(): DAPL provider ofa-v2-mlx5_0-1u
[127] MPI startup(): shm and dapl data transfer modes
[139] MPI startup(): shm and dapl data transfer modes
[136] MPI startup(): shm and dapl data transfer modes
[184] MPI startup(): DAPL provider ofa-v2-mlx5_0-1u
[193] MPI startup(): DAPL provider ofa-v2-mlx5_0-1u
[190] MPI startup(): shm and dapl data transfer modes
[185] MPI startup(): DAPL provider ofa-v2-mlx5_0-1u
[114] MPI startup(): shm and dapl data transfer modes
[186] MPI startup(): shm and dapl data transfer modes
[189] MPI startup(): DAPL provider ofa-v2-mlx5_0-1u
[184] MPI startup(): shm and dapl data transfer modes
[193] MPI startup(): shm and dapl data transfer modes
[185] MPI startup(): shm and dapl data transfer modes
[191] MPI startup(): DAPL provider ofa-v2-mlx5_0-1u
[189] MPI startup(): shm and dapl data transfer modes
[195] MPI startup(): DAPL provider ofa-v2-mlx5_0-1u
[188] MPI startup(): DAPL provider ofa-v2-mlx5_0-1u
[93] MPI startup(): DAPL provider ofa-v2-mlx5_0-1u
[187] MPI startup(): DAPL provider ofa-v2-mlx5_0-1u
[191] MPI startup(): shm and dapl data transfer modes
[195] MPI startup(): shm and dapl data transfer modes
[169] MPI startup(): DAPL provider ofa-v2-mlx5_0-1u
[192] MPI startup(): DAPL provider ofa-v2-mlx5_0-1u
[93] MPI startup(): shm and dapl data transfer modes
[188] MPI startup(): shm and dapl data transfer modes
[84] MPI startup(): DAPL provider ofa-v2-mlx5_0-1u
[168] MPI startup(): DAPL provider ofa-v2-mlx5_0-1u
[187] MPI startup(): shm and dapl data transfer modes
[170] MPI startup(): DAPL provider ofa-v2-mlx5_0-1u
[169] MPI startup(): shm and dapl data transfer modes
[192] MPI startup(): shm and dapl data transfer modes
[84] MPI startup(): shm and dapl data transfer modes
[194] MPI startup(): DAPL provider ofa-v2-mlx5_0-1u
[168] MPI startup(): shm and dapl data transfer modes
[170] MPI startup(): shm and dapl data transfer modes
[173] MPI startup(): DAPL provider ofa-v2-mlx5_0-1u
[194] MPI startup(): shm and dapl data transfer modes
[173] MPI startup(): shm and dapl data transfer modes
[176] MPI startup(): DAPL provider ofa-v2-mlx5_0-1u
[172] MPI startup(): DAPL provider ofa-v2-mlx5_0-1u
[176] MPI startup(): shm and dapl data transfer modes
[171] MPI startup(): DAPL provider ofa-v2-mlx5_0-1u
[172] MPI startup(): shm and dapl data transfer modes
[99] MPI startup(): DAPL provider ofa-v2-mlx5_0-1u
[171] MPI startup(): shm and dapl data transfer modes
[99] MPI startup(): shm and dapl data transfer modes
[156] MPI startup(): DAPL provider ofa-v2-mlx5_0-1u
[156] MPI startup(): shm and dapl data transfer modes
[200] MPI startup(): DAPL provider ofa-v2-mlx5_0-1u
[200] MPI startup(): shm and dapl data transfer modes
[202] MPI startup(): DAPL provider ofa-v2-mlx5_0-1u
[162] MPI startup(): DAPL provider ofa-v2-mlx5_0-1u
[202] MPI startup(): shm and dapl data transfer modes
[164] MPI startup(): DAPL provider ofa-v2-mlx5_0-1u
[162] MPI startup(): shm and dapl data transfer modes
[164] MPI startup(): shm and dapl data transfer modes
[166] MPI startup(): DAPL provider ofa-v2-mlx5_0-1u
[212] MPI startup(): DAPL provider ofa-v2-mlx5_0-1u
[163] MPI startup(): DAPL provider ofa-v2-mlx5_0-1u
[207] MPI startup(): DAPL provider ofa-v2-mlx5_0-1u
[166] MPI startup(): shm and dapl data transfer modes
[212] MPI startup(): shm and dapl data transfer modes
[163] MPI startup(): shm and dapl data transfer modes
[207] MPI startup(): shm and dapl data transfer modes
[204] MPI startup(): DAPL provider ofa-v2-mlx5_0-1u
[216] MPI startup(): DAPL provider ofa-v2-mlx5_0-1u
[217] MPI startup(): DAPL provider ofa-v2-mlx5_0-1u
[219] MPI startup(): DAPL provider ofa-v2-mlx5_0-1u
[204] MPI startup(): shm and dapl data transfer modes
[216] MPI startup(): shm and dapl data transfer modes
[217] MPI startup(): shm and dapl data transfer modes
[219] MPI startup(): shm and dapl data transfer modes
[213] MPI startup(): DAPL provider ofa-v2-mlx5_0-1u
[205] MPI startup(): DAPL provider ofa-v2-mlx5_0-1u
[221] MPI startup(): DAPL provider ofa-v2-mlx5_0-1u
[218] MPI startup(): DAPL provider ofa-v2-mlx5_0-1u
[213] MPI startup(): shm and dapl data transfer modes
[223] MPI startup(): DAPL provider ofa-v2-mlx5_0-1u
[205] MPI startup(): shm and dapl data transfer modes
[220] MPI startup(): DAPL provider ofa-v2-mlx5_0-1u
[221] MPI startup(): shm and dapl data transfer modes
[218] MPI startup(): shm and dapl data transfer modes
[223] MPI startup(): shm and dapl data transfer modes
[220] MPI startup(): shm and dapl data transfer modes
[199] MPI startup(): DAPL provider ofa-v2-mlx5_0-1u
[210] MPI startup(): DAPL provider ofa-v2-mlx5_0-1u
[211] MPI startup(): DAPL provider ofa-v2-mlx5_0-1u
[206] MPI startup(): DAPL provider ofa-v2-mlx5_0-1u
[199] MPI startup(): shm and dapl data transfer modes
[210] MPI startup(): shm and dapl data transfer modes
[215] MPI startup(): DAPL provider ofa-v2-mlx5_0-1u
[211] MPI startup(): shm and dapl data transfer modes
[206] MPI startup(): shm and dapl data transfer modes
[215] MPI startup(): shm and dapl data transfer modes
[10] MPI startup(): DAPL provider ofa-v2-mlx5_0-1u
[10] MPI startup(): shm and dapl data transfer modes
[11] MPI startup(): DAPL provider ofa-v2-mlx5_0-1u
[11] MPI startup(): shm and dapl data transfer modes
[17] MPI startup(): DAPL provider ofa-v2-mlx5_0-1u
[17] MPI startup(): shm and dapl data transfer modes
[22] MPI startup(): DAPL provider ofa-v2-mlx5_0-1u
[23] MPI startup(): DAPL provider ofa-v2-mlx5_0-1u
[13] MPI startup(): DAPL provider ofa-v2-mlx5_0-1u
[22] MPI startup(): shm and dapl data transfer modes
[13] MPI startup(): shm and dapl data transfer modes
[23] MPI startup(): shm and dapl data transfer modes
[25] MPI startup(): DAPL provider ofa-v2-mlx5_0-1u
[15] MPI startup(): DAPL provider ofa-v2-mlx5_0-1u
[25] MPI startup(): shm and dapl data transfer modes
[15] MPI startup(): shm and dapl data transfer modes
[7] MPI startup(): DAPL provider ofa-v2-mlx5_0-1u
[12] MPI startup(): DAPL provider ofa-v2-mlx5_0-1u
[7] MPI startup(): shm and dapl data transfer modes
[9] MPI startup(): DAPL provider ofa-v2-mlx5_0-1u
[12] MPI startup(): shm and dapl data transfer modes
[9] MPI startup(): shm and dapl data transfer modes
[14] MPI startup(): DAPL provider ofa-v2-mlx5_0-1u
[27] MPI startup(): DAPL provider ofa-v2-mlx5_0-1u
[20] MPI startup(): DAPL provider ofa-v2-mlx5_0-1u
[14] MPI startup(): shm and dapl data transfer modes
[27] MPI startup(): shm and dapl data transfer modes
[26] MPI startup(): DAPL provider ofa-v2-mlx5_0-1u
[21] MPI startup(): DAPL provider ofa-v2-mlx5_0-1u
[20] MPI startup(): shm and dapl data transfer modes
[16] MPI startup(): DAPL provider ofa-v2-mlx5_0-1u
[19] MPI startup(): DAPL provider ofa-v2-mlx5_0-1u
[26] MPI startup(): shm and dapl data transfer modes
[21] MPI startup(): shm and dapl data transfer modes
[24] MPI startup(): DAPL provider ofa-v2-mlx5_0-1u
[16] MPI startup(): shm and dapl data transfer modes
[19] MPI startup(): shm and dapl data transfer modes
[24] MPI startup(): shm and dapl data transfer modes
[49] MPI startup(): DAPL provider ofa-v2-mlx5_0-1u
[49] MPI startup(): shm and dapl data transfer modes
[50] MPI startup(): DAPL provider ofa-v2-mlx5_0-1u
[50] MPI startup(): shm and dapl data transfer modes
[54] MPI startup(): DAPL provider ofa-v2-mlx5_0-1u
[54] MPI startup(): shm and dapl data transfer modes
[53] MPI startup(): DAPL provider ofa-v2-mlx5_0-1u
[55] MPI startup(): DAPL provider ofa-v2-mlx5_0-1u
[53] MPI startup(): shm and dapl data transfer modes
[55] MPI startup(): shm and dapl data transfer modes
[28] MPI startup(): DAPL provider ofa-v2-mlx5_0-1u
[28] MPI startup(): shm and dapl data transfer modes
[35] MPI startup(): DAPL provider ofa-v2-mlx5_0-1u
[41] MPI startup(): DAPL provider ofa-v2-mlx5_0-1u
[35] MPI startup(): shm and dapl data transfer modes
[39] MPI startup(): DAPL provider ofa-v2-mlx5_0-1u
[41] MPI startup(): shm and dapl data transfer modes
[39] MPI startup(): shm and dapl data transfer modes
[42] MPI startup(): DAPL provider ofa-v2-mlx5_0-1u
[42] MPI startup(): shm and dapl data transfer modes
[29] MPI startup(): DAPL provider ofa-v2-mlx5_0-1u
[87] MPI startup(): DAPL provider ofa-v2-mlx5_0-1u
[51] MPI startup(): DAPL provider ofa-v2-mlx5_0-1u
[29] MPI startup(): shm and dapl data transfer modes
[52] MPI startup(): DAPL provider ofa-v2-mlx5_0-1u
[87] MPI startup(): shm and dapl data transfer modes
[94] MPI startup(): DAPL provider ofa-v2-mlx5_0-1u
[51] MPI startup(): shm and dapl data transfer modes
[97] MPI startup(): DAPL provider ofa-v2-mlx5_0-1u
[52] MPI startup(): shm and dapl data transfer modes
[37] MPI startup(): DAPL provider ofa-v2-mlx5_0-1u
[94] MPI startup(): shm and dapl data transfer modes
[34] MPI startup(): DAPL provider ofa-v2-mlx5_0-1u
[46] MPI startup(): DAPL provider ofa-v2-mlx5_0-1u
[97] MPI startup(): shm and dapl data transfer modes
[40] MPI startup(): DAPL provider ofa-v2-mlx5_0-1u
[37] MPI startup(): shm and dapl data transfer modes
[34] MPI startup(): shm and dapl data transfer modes
[36] MPI startup(): DAPL provider ofa-v2-mlx5_0-1u
[46] MPI startup(): shm and dapl data transfer modes
[43] MPI startup(): DAPL provider ofa-v2-mlx5_0-1u
[38] MPI startup(): DAPL provider ofa-v2-mlx5_0-1u
[44] MPI startup(): DAPL provider ofa-v2-mlx5_0-1u
[40] MPI startup(): shm and dapl data transfer modes
[36] MPI startup(): shm and dapl data transfer modes
[32] MPI startup(): DAPL provider ofa-v2-mlx5_0-1u
[43] MPI startup(): shm and dapl data transfer modes
[44] MPI startup(): shm and dapl data transfer modes
[38] MPI startup(): shm and dapl data transfer modes
[32] MPI startup(): shm and dapl data transfer modes
[18] MPI startup(): DAPL provider ofa-v2-mlx5_0-1u
[18] MPI startup(): shm and dapl data transfer modes
[150] MPI startup(): DAPL provider ofa-v2-mlx5_0-1u
[150] MPI startup(): shm and dapl data transfer modes
[157] MPI startup(): DAPL provider ofa-v2-mlx5_0-1u
[157] MPI startup(): shm and dapl data transfer modes
[153] MPI startup(): DAPL provider ofa-v2-mlx5_0-1u
[161] MPI startup(): DAPL provider ofa-v2-mlx5_0-1u
[165] MPI startup(): DAPL provider ofa-v2-mlx5_0-1u
[153] MPI startup(): shm and dapl data transfer modes
[161] MPI startup(): shm and dapl data transfer modes
[165] MPI startup(): shm and dapl data transfer modes
[155] MPI startup(): DAPL provider ofa-v2-mlx5_0-1u
[155] MPI startup(): shm and dapl data transfer modes
[158] MPI startup(): DAPL provider ofa-v2-mlx5_0-1u
[158] MPI startup(): shm and dapl data transfer modes
[102] MPI startup(): DAPL provider ofa-v2-mlx5_0-1u
[102] MPI startup(): shm and dapl data transfer modes
[100] MPI startup(): DAPL provider ofa-v2-mlx5_0-1u
[100] MPI startup(): shm and dapl data transfer modes
[101] MPI startup(): DAPL provider ofa-v2-mlx5_0-1u
[103] MPI startup(): DAPL provider ofa-v2-mlx5_0-1u
[101] MPI startup(): shm and dapl data transfer modes
[103] MPI startup(): shm and dapl data transfer modes
[109] MPI startup(): DAPL provider ofa-v2-mlx5_0-1u
[109] MPI startup(): shm and dapl data transfer modes
[111] MPI startup(): DAPL provider ofa-v2-mlx5_0-1u
[110] MPI startup(): DAPL provider ofa-v2-mlx5_0-1u
[111] MPI startup(): shm and dapl data transfer modes
[95] MPI startup(): DAPL provider ofa-v2-mlx5_0-1u
[110] MPI startup(): shm and dapl data transfer modes
[88] MPI startup(): DAPL provider ofa-v2-mlx5_0-1u
[95] MPI startup(): shm and dapl data transfer modes
[107] MPI startup(): DAPL provider ofa-v2-mlx5_0-1u
[88] MPI startup(): shm and dapl data transfer modes
[104] MPI startup(): DAPL provider ofa-v2-mlx5_0-1u
[96] MPI startup(): DAPL provider ofa-v2-mlx5_0-1u
[107] MPI startup(): shm and dapl data transfer modes
[106] MPI startup(): DAPL provider ofa-v2-mlx5_0-1u
[104] MPI startup(): shm and dapl data transfer modes
[96] MPI startup(): shm and dapl data transfer modes
[106] MPI startup(): shm and dapl data transfer modes
[108] MPI startup(): DAPL provider ofa-v2-mlx5_0-1u
[105] MPI startup(): DAPL provider ofa-v2-mlx5_0-1u
[108] MPI startup(): shm and dapl data transfer modes
[105] MPI startup(): shm and dapl data transfer modes
[92] MPI startup(): DAPL provider ofa-v2-mlx5_0-1u
[89] MPI startup(): DAPL provider ofa-v2-mlx5_0-1u
[92] MPI startup(): shm and dapl data transfer modes
[89] MPI startup(): shm and dapl data transfer modes
[85] MPID_nem_init_dapl_coll_fns(): User set DAPL collective mask = 0000
[85] MPID_nem_init_dapl_coll_fns(): Effective DAPL collective mask = 0000
[98] MPID_nem_init_dapl_coll_fns(): User set DAPL collective mask = 0000
[98] MPID_nem_init_dapl_coll_fns(): Effective DAPL collective mask = 0000
[87] MPID_nem_init_dapl_coll_fns(): User set DAPL collective mask = 0000
[87] MPID_nem_init_dapl_coll_fns(): Effective DAPL collective mask = 0000
[109] MPID_nem_init_dapl_coll_fns(): User set DAPL collective mask = 0000
[109] MPID_nem_init_dapl_coll_fns(): Effective DAPL collective mask = 0000
[91] MPID_nem_init_dapl_coll_fns(): User set DAPL collective mask = 0000
[91] MPID_nem_init_dapl_coll_fns(): Effective DAPL collective mask = 0000
[90] MPID_nem_init_dapl_coll_fns(): User set DAPL collective mask = 0000
[90] MPID_nem_init_dapl_coll_fns(): Effective DAPL collective mask = 0000
[99] MPID_nem_init_dapl_coll_fns(): User set DAPL collective mask = 0000
[99] MPID_nem_init_dapl_coll_fns(): Effective DAPL collective mask = 0000
[97] MPID_nem_init_dapl_coll_fns(): User set DAPL collective mask = 0000
[97] MPID_nem_init_dapl_coll_fns(): Effective DAPL collective mask = 0000
[101] MPID_nem_init_dapl_coll_fns(): User set DAPL collective mask = 0000
[101] MPID_nem_init_dapl_coll_fns(): Effective DAPL collective mask = 0000
[94] MPID_nem_init_dapl_coll_fns(): User set DAPL collective mask = 0000
[94] MPID_nem_init_dapl_coll_fns(): Effective DAPL collective mask = 0000
[102] MPID_nem_init_dapl_coll_fns(): User set DAPL collective mask = 0000
[102] MPID_nem_init_dapl_coll_fns(): Effective DAPL collective mask = 0000
[106] MPID_nem_init_dapl_coll_fns(): User set DAPL collective mask = 0000
[106] MPID_nem_init_dapl_coll_fns(): Effective DAPL collective mask = 0000
[100] MPID_nem_init_dapl_coll_fns(): User set DAPL collective mask = 0000
[100] MPID_nem_init_dapl_coll_fns(): Effective DAPL collective mask = 0000
[103] MPID_nem_init_dapl_coll_fns(): User set DAPL collective mask = 0000
[103] MPID_nem_init_dapl_coll_fns(): Effective DAPL collective mask = 0000
[86] MPID_nem_init_dapl_coll_fns(): User set DAPL collective mask = 0000
[86] MPID_nem_init_dapl_coll_fns(): Effective DAPL collective mask = 0000
[88] MPID_nem_init_dapl_coll_fns(): User set DAPL collective mask = 0000
[88] MPID_nem_init_dapl_coll_fns(): Effective DAPL collective mask = 0000
[93] MPID_nem_init_dapl_coll_fns(): User set DAPL collective mask = 0000
[93] MPID_nem_init_dapl_coll_fns(): Effective DAPL collective mask = 0000
[84] MPID_nem_init_dapl_coll_fns(): User set DAPL collective mask = 0000
[84] MPID_nem_init_dapl_coll_fns(): Effective DAPL collective mask = 0000
[92] MPID_nem_init_dapl_coll_fns(): User set DAPL collective mask = 0000
[92] MPID_nem_init_dapl_coll_fns(): Effective DAPL collective mask = 0000
[89] MPID_nem_init_dapl_coll_fns(): User set DAPL collective mask = 0000
[89] MPID_nem_init_dapl_coll_fns(): Effective DAPL collective mask = 0000
[95] MPID_nem_init_dapl_coll_fns(): User set DAPL collective mask = 0000
[95] MPID_nem_init_dapl_coll_fns(): Effective DAPL collective mask = 0000
[107] MPID_nem_init_dapl_coll_fns(): User set DAPL collective mask = 0000
[107] MPID_nem_init_dapl_coll_fns(): Effective DAPL collective mask = 0000
[111] MPID_nem_init_dapl_coll_fns(): User set DAPL collective mask = 0000
[111] MPID_nem_init_dapl_coll_fns(): Effective DAPL collective mask = 0000
[104] MPID_nem_init_dapl_coll_fns(): User set DAPL collective mask = 0000
[104] MPID_nem_init_dapl_coll_fns(): Effective DAPL collective mask = 0000
[110] MPID_nem_init_dapl_coll_fns(): User set DAPL collective mask = 0000
[110] MPID_nem_init_dapl_coll_fns(): Effective DAPL collective mask = 0000
[105] MPID_nem_init_dapl_coll_fns(): User set DAPL collective mask = 0000
[105] MPID_nem_init_dapl_coll_fns(): Effective DAPL collective mask = 0000
[96] MPID_nem_init_dapl_coll_fns(): User set DAPL collective mask = 0000
[96] MPID_nem_init_dapl_coll_fns(): Effective DAPL collective mask = 0000
[108] MPID_nem_init_dapl_coll_fns(): User set DAPL collective mask = 0000
[108] MPID_nem_init_dapl_coll_fns(): Effective DAPL collective mask = 0000
[24] MPID_nem_init_dapl_coll_fns(): User set DAPL collective mask = 0000
[24] MPID_nem_init_dapl_coll_fns(): Effective DAPL collective mask = 0000
[26] MPID_nem_init_dapl_coll_fns(): User set DAPL collective mask = 0000
[26] MPID_nem_init_dapl_coll_fns(): Effective DAPL collective mask = 0000
[2] MPID_nem_init_dapl_coll_fns(): User set DAPL collective mask = 0000
[2] MPID_nem_init_dapl_coll_fns(): Effective DAPL collective mask = 0000
[191] MPID_nem_init_dapl_coll_fns(): User set DAPL collective mask = 0000
[191] MPID_nem_init_dapl_coll_fns(): Effective DAPL collective mask = 0000
[27] MPID_nem_init_dapl_coll_fns(): User set DAPL collective mask = 0000
[27] MPID_nem_init_dapl_coll_fns(): Effective DAPL collective mask = 0000
[51] MPID_nem_init_dapl_coll_fns(): User set DAPL collective mask = 0000
[51] MPID_nem_init_dapl_coll_fns(): Effective DAPL collective mask = 0000
[48] MPID_nem_init_dapl_coll_fns(): User set DAPL collective mask = 0000
[48] MPID_nem_init_dapl_coll_fns(): Effective DAPL collective mask = 0000
[154] MPID_nem_init_dapl_coll_fns(): User set DAPL collective mask = 0000
[154] MPID_nem_init_dapl_coll_fns(): Effective DAPL collective mask = 0000
[33] MPID_nem_init_dapl_coll_fns(): User set DAPL collective mask = 0000
[33] MPID_nem_init_dapl_coll_fns(): Effective DAPL collective mask = 0000
[55] MPID_nem_init_dapl_coll_fns(): User set DAPL collective mask = 0000
[55] MPID_nem_init_dapl_coll_fns(): Effective DAPL collective mask = 0000
[177] MPID_nem_init_dapl_coll_fns(): User set DAPL collective mask = 0000
[177] MPID_nem_init_dapl_coll_fns(): Effective DAPL collective mask = 0000
[174] MPID_nem_init_dapl_coll_fns(): User set DAPL collective mask = 0000
[174] MPID_nem_init_dapl_coll_fns(): Effective DAPL collective mask = 0000
[159] MPID_nem_init_dapl_coll_fns(): User set DAPL collective mask = 0000
[159] MPID_nem_init_dapl_coll_fns(): Effective DAPL collective mask = 0000
[166] MPID_nem_init_dapl_coll_fns(): User set DAPL collective mask = 0000
[166] MPID_nem_init_dapl_coll_fns(): Effective DAPL collective mask = 0000
[194] MPID_nem_init_dapl_coll_fns(): User set DAPL collective mask = 0000
[194] MPID_nem_init_dapl_coll_fns(): Effective DAPL collective mask = 0000
[138] MPID_nem_init_dapl_coll_fns(): User set DAPL collective mask = 0000
[138] MPID_nem_init_dapl_coll_fns(): Effective DAPL collective mask = 0000
[18] MPID_nem_init_dapl_coll_fns(): User set DAPL collective mask = 0000
[18] MPID_nem_init_dapl_coll_fns(): Effective DAPL collective mask = 0000
[8] MPID_nem_init_dapl_coll_fns(): User set DAPL collective mask = 0000
[8] MPID_nem_init_dapl_coll_fns(): Effective DAPL collective mask = 0000
[52] MPID_nem_init_dapl_coll_fns(): User set DAPL collective mask = 0000
[52] MPID_nem_init_dapl_coll_fns(): Effective DAPL collective mask = 0000
[23] MPID_nem_init_dapl_coll_fns(): User set DAPL collective mask = 0000
[23] MPID_nem_init_dapl_coll_fns(): Effective DAPL collective mask = 0000
[6] MPID_nem_init_dapl_coll_fns(): User set DAPL collective mask = 0000
[6] MPID_nem_init_dapl_coll_fns(): Effective DAPL collective mask = 0000
[118] MPID_nem_init_dapl_coll_fns(): User set DAPL collective mask = 0000
[118] MPID_nem_init_dapl_coll_fns(): Effective DAPL collective mask = 0000
[14] MPID_nem_init_dapl_coll_fns(): User set DAPL collective mask = 0000
[14] MPID_nem_init_dapl_coll_fns(): Effective DAPL collective mask = 0000
[17] MPID_nem_init_dapl_coll_fns(): User set DAPL collective mask = 0000
[17] MPID_nem_init_dapl_coll_fns(): Effective DAPL collective mask = 0000
[42] MPID_nem_init_dapl_coll_fns(): User set DAPL collective mask = 0000
[42] MPID_nem_init_dapl_coll_fns(): Effective DAPL collective mask = 0000
[49] MPID_nem_init_dapl_coll_fns(): User set DAPL collective mask = 0000
[49] MPID_nem_init_dapl_coll_fns(): Effective DAPL collective mask = 0000
[164] MPID_nem_init_dapl_coll_fns(): User set DAPL collective mask = 0000
[164] MPID_nem_init_dapl_coll_fns(): Effective DAPL collective mask = 0000
[163] MPID_nem_init_dapl_coll_fns(): User set DAPL collective mask = 0000
[163] MPID_nem_init_dapl_coll_fns(): Effective DAPL collective mask = 0000
[134] MPID_nem_init_dapl_coll_fns(): User set DAPL collective mask = 0000
[134] MPID_nem_init_dapl_coll_fns(): Effective DAPL collective mask = 0000
[140] MPID_nem_init_dapl_coll_fns(): User set DAPL collective mask = 0000
[140] MPID_nem_init_dapl_coll_fns(): Effective DAPL collective mask = 0000
[142] MPID_nem_init_dapl_coll_fns(): User set DAPL collective mask = 0000
[142] MPID_nem_init_dapl_coll_fns(): Effective DAPL collective mask = 0000
[5] MPID_nem_init_dapl_coll_fns(): User set DAPL collective mask = 0000
[5] MPID_nem_init_dapl_coll_fns(): Effective DAPL collective mask = 0000
[1] MPID_nem_init_dapl_coll_fns(): User set DAPL collective mask = 0000
[1] MPID_nem_init_dapl_coll_fns(): Effective DAPL collective mask = 0000
[9] MPID_nem_init_dapl_coll_fns(): User set DAPL collective mask = 0000
[9] MPID_nem_init_dapl_coll_fns(): Effective DAPL collective mask = 0000
[77] MPID_nem_init_dapl_coll_fns(): User set DAPL collective mask = 0000
[77] MPID_nem_init_dapl_coll_fns(): Effective DAPL collective mask = 0000
[155] MPID_nem_init_dapl_coll_fns(): User set DAPL collective mask = 0000
[155] MPID_nem_init_dapl_coll_fns(): Effective DAPL collective mask = 0000
[32] MPID_nem_init_dapl_coll_fns(): User set DAPL collective mask = 0000
[32] MPID_nem_init_dapl_coll_fns(): Effective DAPL collective mask = 0000
[222] MPID_nem_init_dapl_coll_fns(): User set DAPL collective mask = 0000
[222] MPID_nem_init_dapl_coll_fns(): Effective DAPL collective mask = 0000
[46] MPID_nem_init_dapl_coll_fns(): User set DAPL collective mask = 0000
[46] MPID_nem_init_dapl_coll_fns(): Effective DAPL collective mask = 0000
[195] MPID_nem_init_dapl_coll_fns(): User set DAPL collective mask = 0000
[195] MPID_nem_init_dapl_coll_fns(): Effective DAPL collective mask = 0000
[50] MPID_nem_init_dapl_coll_fns(): User set DAPL collective mask = 0000
[50] MPID_nem_init_dapl_coll_fns(): Effective DAPL collective mask = 0000
[44] MPID_nem_init_dapl_coll_fns(): User set DAPL collective mask = 0000
[44] MPID_nem_init_dapl_coll_fns(): Effective DAPL collective mask = 0000
[167] MPID_nem_init_dapl_coll_fns(): User set DAPL collective mask = 0000
[167] MPID_nem_init_dapl_coll_fns(): Effective DAPL collective mask = 0000
[189] MPID_nem_init_dapl_coll_fns(): User set DAPL collective mask = 0000
[189] MPID_nem_init_dapl_coll_fns(): Effective DAPL collective mask = 0000
[53] MPID_nem_init_dapl_coll_fns(): User set DAPL collective mask = 0000
[53] MPID_nem_init_dapl_coll_fns(): Effective DAPL collective mask = 0000
[15] MPID_nem_init_dapl_coll_fns(): User set DAPL collective mask = 0000
[15] MPID_nem_init_dapl_coll_fns(): Effective DAPL collective mask = 0000
[38] MPID_nem_init_dapl_coll_fns(): User set DAPL collective mask = 0000
[38] MPID_nem_init_dapl_coll_fns(): Effective DAPL collective mask = 0000
[83] MPID_nem_init_dapl_coll_fns(): User set DAPL collective mask = 0000
[83] MPID_nem_init_dapl_coll_fns(): Effective DAPL collective mask = 0000
[135] MPID_nem_init_dapl_coll_fns(): User set DAPL collective mask = 0000
[135] MPID_nem_init_dapl_coll_fns(): Effective DAPL collective mask = 0000
[144] MPID_nem_init_dapl_coll_fns(): User set DAPL collective mask = 0000
[144] MPID_nem_init_dapl_coll_fns(): Effective DAPL collective mask = 0000
[4] MPID_nem_init_dapl_coll_fns(): User set DAPL collective mask = 0000
[4] MPID_nem_init_dapl_coll_fns(): Effective DAPL collective mask = 0000
[156] MPID_nem_init_dapl_coll_fns(): User set DAPL collective mask = 0000
[156] MPID_nem_init_dapl_coll_fns(): Effective DAPL collective mask = 0000
[170] MPID_nem_init_dapl_coll_fns(): User set DAPL collective mask = 0000
[170] MPID_nem_init_dapl_coll_fns(): Effective DAPL collective mask = 0000
[149] MPID_nem_init_dapl_coll_fns(): User set DAPL collective mask = 0000
[149] MPID_nem_init_dapl_coll_fns(): Effective DAPL collective mask = 0000
[186] MPID_nem_init_dapl_coll_fns(): User set DAPL collective mask = 0000
[186] MPID_nem_init_dapl_coll_fns(): Effective DAPL collective mask = 0000
[161] MPID_nem_init_dapl_coll_fns(): User set DAPL collective mask = 0000
[161] MPID_nem_init_dapl_coll_fns(): Effective DAPL collective mask = 0000
[184] MPID_nem_init_dapl_coll_fns(): User set DAPL collective mask = 0000
[184] MPID_nem_init_dapl_coll_fns(): Effective DAPL collective mask = 0000
[0] MPID_nem_init_dapl_coll_fns(): User set DAPL collective mask = 0000
[0] MPID_nem_init_dapl_coll_fns(): Effective DAPL collective mask = 0000
[11] MPID_nem_init_dapl_coll_fns(): User set DAPL collective mask = 0000
[11] MPID_nem_init_dapl_coll_fns(): Effective DAPL collective mask = 0000
[21] MPID_nem_init_dapl_coll_fns(): User set DAPL collective mask = 0000
[21] MPID_nem_init_dapl_coll_fns(): Effective DAPL collective mask = 0000
[43] MPID_nem_init_dapl_coll_fns(): User set DAPL collective mask = 0000
[43] MPID_nem_init_dapl_coll_fns(): Effective DAPL collective mask = 0000
[82] MPID_nem_init_dapl_coll_fns(): User set DAPL collective mask = 0000
[82] MPID_nem_init_dapl_coll_fns(): Effective DAPL collective mask = 0000
[162] MPID_nem_init_dapl_coll_fns(): User set DAPL collective mask = 0000
[162] MPID_nem_init_dapl_coll_fns(): Effective DAPL collective mask = 0000
[28] MPID_nem_init_dapl_coll_fns(): User set DAPL collective mask = 0000
[28] MPID_nem_init_dapl_coll_fns(): Effective DAPL collective mask = 0000
[133] MPID_nem_init_dapl_coll_fns(): User set DAPL collective mask = 0000
[133] MPID_nem_init_dapl_coll_fns(): Effective DAPL collective mask = 0000
[165] MPID_nem_init_dapl_coll_fns(): User set DAPL collective mask = 0000
[165] MPID_nem_init_dapl_coll_fns(): Effective DAPL collective mask = 0000
[16] MPID_nem_init_dapl_coll_fns(): User set DAPL collective mask = 0000
[16] MPID_nem_init_dapl_coll_fns(): Effective DAPL collective mask = 0000
[30] MPID_nem_init_dapl_coll_fns(): User set DAPL collective mask = 0000
[30] MPID_nem_init_dapl_coll_fns(): Effective DAPL collective mask = 0000
[3] MPID_nem_init_dapl_coll_fns(): User set DAPL collective mask = 0000
[3] MPID_nem_init_dapl_coll_fns(): Effective DAPL collective mask = 0000
[54] MPID_nem_init_dapl_coll_fns(): User set DAPL collective mask = 0000
[54] MPID_nem_init_dapl_coll_fns(): Effective DAPL collective mask = 0000
[7] MPID_nem_init_dapl_coll_fns(): User set DAPL collective mask = 0000
[7] MPID_nem_init_dapl_coll_fns(): Effective DAPL collective mask = 0000
[150] MPID_nem_init_dapl_coll_fns(): User set DAPL collective mask = 0000
[150] MPID_nem_init_dapl_coll_fns(): Effective DAPL collective mask = 0000
[122] MPID_nem_init_dapl_coll_fns(): User set DAPL collective mask = 0000
[122] MPID_nem_init_dapl_coll_fns(): Effective DAPL collective mask = 0000
[141] MPID_nem_init_dapl_coll_fns(): User set DAPL collective mask = 0000
[141] MPID_nem_init_dapl_coll_fns(): Effective DAPL collective mask = 0000
[145] MPID_nem_init_dapl_coll_fns(): User set DAPL collective mask = 0000
[145] MPID_nem_init_dapl_coll_fns(): Effective DAPL collective mask = 0000
[20] MPID_nem_init_dapl_coll_fns(): User set DAPL collective mask = 0000
[20] MPID_nem_init_dapl_coll_fns(): Effective DAPL collective mask = 0000
[190] MPID_nem_init_dapl_coll_fns(): User set DAPL collective mask = 0000
[190] MPID_nem_init_dapl_coll_fns(): Effective DAPL collective mask = 0000
[10] MPID_nem_init_dapl_coll_fns(): User set DAPL collective mask = 0000
[10] MPID_nem_init_dapl_coll_fns(): Effective DAPL collective mask = 0000
[160] MPID_nem_init_dapl_coll_fns(): User set DAPL collective mask = 0000
[160] MPID_nem_init_dapl_coll_fns(): Effective DAPL collective mask = 0000
[13] MPID_nem_init_dapl_coll_fns(): User set DAPL collective mask = 0000
[13] MPID_nem_init_dapl_coll_fns(): Effective DAPL collective mask = 0000
[25] MPID_nem_init_dapl_coll_fns(): User set DAPL collective mask = 0000
[25] MPID_nem_init_dapl_coll_fns(): Effective DAPL collective mask = 0000
[12] MPID_nem_init_dapl_coll_fns(): User set DAPL collective mask = 0000
[12] MPID_nem_init_dapl_coll_fns(): Effective DAPL collective mask = 0000
[22] MPID_nem_init_dapl_coll_fns(): User set DAPL collective mask = 0000
[22] MPID_nem_init_dapl_coll_fns(): Effective DAPL collective mask = 0000
[157] MPID_nem_init_dapl_coll_fns(): User set DAPL collective mask = 0000
[157] MPID_nem_init_dapl_coll_fns(): Effective DAPL collective mask = 0000
[19] MPID_nem_init_dapl_coll_fns(): User set DAPL collective mask = 0000
[19] MPID_nem_init_dapl_coll_fns(): Effective DAPL collective mask = 0000
[29] MPID_nem_init_dapl_coll_fns(): User set DAPL collective mask = 0000
[29] MPID_nem_init_dapl_coll_fns(): Effective DAPL collective mask = 0000
[192] MPID_nem_init_dapl_coll_fns(): User set DAPL collective mask = 0000
[192] MPID_nem_init_dapl_coll_fns(): Effective DAPL collective mask = 0000
[37] MPID_nem_init_dapl_coll_fns(): User set DAPL collective mask = 0000
[37] MPID_nem_init_dapl_coll_fns(): Effective DAPL collective mask = 0000
[47] MPID_nem_init_dapl_coll_fns(): User set DAPL collective mask = 0000
[47] MPID_nem_init_dapl_coll_fns(): Effective DAPL collective mask = 0000
[35] MPID_nem_init_dapl_coll_fns(): User set DAPL collective mask = 0000
[35] MPID_nem_init_dapl_coll_fns(): Effective DAPL collective mask = 0000
[39] MPID_nem_init_dapl_coll_fns(): User set DAPL collective mask = 0000
[39] MPID_nem_init_dapl_coll_fns(): Effective DAPL collective mask = 0000
[196] MPID_nem_init_dapl_coll_fns(): User set DAPL collective mask = 0000
[196] MPID_nem_init_dapl_coll_fns(): Effective DAPL collective mask = 0000
[40] MPID_nem_init_dapl_coll_fns(): User set DAPL collective mask = 0000
[40] MPID_nem_init_dapl_coll_fns(): Effective DAPL collective mask = 0000
[70] MPID_nem_init_dapl_coll_fns(): User set DAPL collective mask = 0000
[70] MPID_nem_init_dapl_coll_fns(): Effective DAPL collective mask = 0000
[41] MPID_nem_init_dapl_coll_fns(): User set DAPL collective mask = 0000
[41] MPID_nem_init_dapl_coll_fns(): Effective DAPL collective mask = 0000
[31] MPID_nem_init_dapl_coll_fns(): User set DAPL collective mask = 0000
[31] MPID_nem_init_dapl_coll_fns(): Effective DAPL collective mask = 0000
[34] MPID_nem_init_dapl_coll_fns(): User set DAPL collective mask = 0000
[34] MPID_nem_init_dapl_coll_fns(): Effective DAPL collective mask = 0000
[72] MPID_nem_init_dapl_coll_fns(): User set DAPL collective mask = 0000
[72] MPID_nem_init_dapl_coll_fns(): Effective DAPL collective mask = 0000
[112] MPID_nem_init_dapl_coll_fns(): User set DAPL collective mask = 0000
[112] MPID_nem_init_dapl_coll_fns(): Effective DAPL collective mask = 0000
[147] MPID_nem_init_dapl_coll_fns(): User set DAPL collective mask = 0000
[147] MPID_nem_init_dapl_coll_fns(): Effective DAPL collective mask = 0000
[172] MPID_nem_init_dapl_coll_fns(): User set DAPL collective mask = 0000
[172] MPID_nem_init_dapl_coll_fns(): Effective DAPL collective mask = 0000
[36] MPID_nem_init_dapl_coll_fns(): User set DAPL collective mask = 0000
[36] MPID_nem_init_dapl_coll_fns(): Effective DAPL collective mask = 0000
[79] MPID_nem_init_dapl_coll_fns(): User set DAPL collective mask = 0000
[79] MPID_nem_init_dapl_coll_fns(): Effective DAPL collective mask = 0000
[148] MPID_nem_init_dapl_coll_fns(): User set DAPL collective mask = 0000
[148] MPID_nem_init_dapl_coll_fns(): Effective DAPL collective mask = 0000
[173] MPID_nem_init_dapl_coll_fns(): User set DAPL collective mask = 0000
[173] MPID_nem_init_dapl_coll_fns(): Effective DAPL collective mask = 0000
[151] MPID_nem_init_dapl_coll_fns(): User set DAPL collective mask = 0000
[151] MPID_nem_init_dapl_coll_fns(): Effective DAPL collective mask = 0000
[178] MPID_nem_init_dapl_coll_fns(): User set DAPL collective mask = 0000
[178] MPID_nem_init_dapl_coll_fns(): Effective DAPL collective mask = 0000
[114] MPID_nem_init_dapl_coll_fns(): User set DAPL collective mask = 0000
[114] MPID_nem_init_dapl_coll_fns(): Effective DAPL collective mask = 0000
[152] MPID_nem_init_dapl_coll_fns(): User set DAPL collective mask = 0000
[152] MPID_nem_init_dapl_coll_fns(): Effective DAPL collective mask = 0000
[169] MPID_nem_init_dapl_coll_fns(): User set DAPL collective mask = 0000
[169] MPID_nem_init_dapl_coll_fns(): Effective DAPL collective mask = 0000
[132] MPID_nem_init_dapl_coll_fns(): User set DAPL collective mask = 0000
[132] MPID_nem_init_dapl_coll_fns(): Effective DAPL collective mask = 0000
[153] MPID_nem_init_dapl_coll_fns(): User set DAPL collective mask = 0000
[153] MPID_nem_init_dapl_coll_fns(): Effective DAPL collective mask = 0000
[158] MPID_nem_init_dapl_coll_fns(): User set DAPL collective mask = 0000
[158] MPID_nem_init_dapl_coll_fns(): Effective DAPL collective mask = 0000
[45] MPID_nem_init_dapl_coll_fns(): User set DAPL collective mask = 0000
[45] MPID_nem_init_dapl_coll_fns(): Effective DAPL collective mask = 0000
[143] MPID_nem_init_dapl_coll_fns(): User set DAPL collective mask = 0000
[143] MPID_nem_init_dapl_coll_fns(): Effective DAPL collective mask = 0000
[126] MPID_nem_init_dapl_coll_fns(): User set DAPL collective mask = 0000
[126] MPID_nem_init_dapl_coll_fns(): Effective DAPL collective mask = 0000
[146] MPID_nem_init_dapl_coll_fns(): User set DAPL collective mask = 0000
[146] MPID_nem_init_dapl_coll_fns(): Effective DAPL collective mask = 0000
[182] MPID_nem_init_dapl_coll_fns(): User set DAPL collective mask = 0000
[182] MPID_nem_init_dapl_coll_fns(): Effective DAPL collective mask = 0000
[201] MPID_nem_init_dapl_coll_fns(): User set DAPL collective mask = 0000
[201] MPID_nem_init_dapl_coll_fns(): Effective DAPL collective mask = 0000
[131] MPID_nem_init_dapl_coll_fns(): User set DAPL collective mask = 0000
[131] MPID_nem_init_dapl_coll_fns(): Effective DAPL collective mask = 0000
[193] MPID_nem_init_dapl_coll_fns(): User set DAPL collective mask = 0000
[193] MPID_nem_init_dapl_coll_fns(): Effective DAPL collective mask = 0000
[207] MPID_nem_init_dapl_coll_fns(): User set DAPL collective mask = 0000
[207] MPID_nem_init_dapl_coll_fns(): Effective DAPL collective mask = 0000
[180] MPID_nem_init_dapl_coll_fns(): User set DAPL collective mask = 0000
[180] MPID_nem_init_dapl_coll_fns(): Effective DAPL collective mask = 0000
[58] MPID_nem_init_dapl_coll_fns(): User set DAPL collective mask = 0000
[58] MPID_nem_init_dapl_coll_fns(): Effective DAPL collective mask = 0000
[216] MPID_nem_init_dapl_coll_fns(): User set DAPL collective mask = 0000
[216] MPID_nem_init_dapl_coll_fns(): Effective DAPL collective mask = 0000
[220] MPID_nem_init_dapl_coll_fns(): User set DAPL collective mask = 0000
[220] MPID_nem_init_dapl_coll_fns(): Effective DAPL collective mask = 0000
[188] MPID_nem_init_dapl_coll_fns(): User set DAPL collective mask = 0000
[188] MPID_nem_init_dapl_coll_fns(): Effective DAPL collective mask = 0000
[66] MPID_nem_init_dapl_coll_fns(): User set DAPL collective mask = 0000
[66] MPID_nem_init_dapl_coll_fns(): Effective DAPL collective mask = 0000
[116] MPID_nem_init_dapl_coll_fns(): User set DAPL collective mask = 0000
[116] MPID_nem_init_dapl_coll_fns(): Effective DAPL collective mask = 0000
[137] MPID_nem_init_dapl_coll_fns(): User set DAPL collective mask = 0000
[137] MPID_nem_init_dapl_coll_fns(): Effective DAPL collective mask = 0000
[113] MPID_nem_init_dapl_coll_fns(): User set DAPL collective mask = 0000
[113] MPID_nem_init_dapl_coll_fns(): Effective DAPL collective mask = 0000
[61] MPID_nem_init_dapl_coll_fns(): User set DAPL collective mask = 0000
[61] MPID_nem_init_dapl_coll_fns(): Effective DAPL collective mask = 0000
[127] MPID_nem_init_dapl_coll_fns(): User set DAPL collective mask = 0000
[127] MPID_nem_init_dapl_coll_fns(): Effective DAPL collective mask = 0000
[76] MPID_nem_init_dapl_coll_fns(): User set DAPL collective mask = 0000
[76] MPID_nem_init_dapl_coll_fns(): Effective DAPL collective mask = 0000
[73] MPID_nem_init_dapl_coll_fns(): User set DAPL collective mask = 0000
[73] MPID_nem_init_dapl_coll_fns(): Effective DAPL collective mask = 0000
[63] MPID_nem_init_dapl_coll_fns(): User set DAPL collective mask = 0000
[63] MPID_nem_init_dapl_coll_fns(): Effective DAPL collective mask = 0000
[219] MPID_nem_init_dapl_coll_fns(): User set DAPL collective mask = 0000
[219] MPID_nem_init_dapl_coll_fns(): Effective DAPL collective mask = 0000
[183] MPID_nem_init_dapl_coll_fns(): User set DAPL collective mask = 0000
[183] MPID_nem_init_dapl_coll_fns(): Effective DAPL collective mask = 0000
[176] MPID_nem_init_dapl_coll_fns(): User set DAPL collective mask = 0000
[176] MPID_nem_init_dapl_coll_fns(): Effective DAPL collective mask = 0000
[60] MPID_nem_init_dapl_coll_fns(): User set DAPL collective mask = 0000
[60] MPID_nem_init_dapl_coll_fns(): Effective DAPL collective mask = 0000
[168] MPID_nem_init_dapl_coll_fns(): User set DAPL collective mask = 0000
[168] MPID_nem_init_dapl_coll_fns(): Effective DAPL collective mask = 0000
[203] MPID_nem_init_dapl_coll_fns(): User set DAPL collective mask = 0000
[203] MPID_nem_init_dapl_coll_fns(): Effective DAPL collective mask = 0000
[206] MPID_nem_init_dapl_coll_fns(): User set DAPL collective mask = 0000
[206] MPID_nem_init_dapl_coll_fns(): Effective DAPL collective mask = 0000
[124] MPID_nem_init_dapl_coll_fns(): User set DAPL collective mask = 0000
[124] MPID_nem_init_dapl_coll_fns(): Effective DAPL collective mask = 0000
[199] MPID_nem_init_dapl_coll_fns(): User set DAPL collective mask = 0000
[199] MPID_nem_init_dapl_coll_fns(): Effective DAPL collective mask = 0000
[69] MPID_nem_init_dapl_coll_fns(): User set DAPL collective mask = 0000
[69] MPID_nem_init_dapl_coll_fns(): Effective DAPL collective mask = 0000
[181] MPID_nem_init_dapl_coll_fns(): User set DAPL collective mask = 0000
[181] MPID_nem_init_dapl_coll_fns(): Effective DAPL collective mask = 0000
[218] MPID_nem_init_dapl_coll_fns(): User set DAPL collective mask = 0000
[218] MPID_nem_init_dapl_coll_fns(): Effective DAPL collective mask = 0000
[56] MPID_nem_init_dapl_coll_fns(): User set DAPL collective mask = 0000
[56] MPID_nem_init_dapl_coll_fns(): Effective DAPL collective mask = 0000
[175] MPID_nem_init_dapl_coll_fns(): User set DAPL collective mask = 0000
[175] MPID_nem_init_dapl_coll_fns(): Effective DAPL collective mask = 0000
[119] MPID_nem_init_dapl_coll_fns(): User set DAPL collective mask = 0000
[119] MPID_nem_init_dapl_coll_fns(): Effective DAPL collective mask = 0000
[125] MPID_nem_init_dapl_coll_fns(): User set DAPL collective mask = 0000
[125] MPID_nem_init_dapl_coll_fns(): Effective DAPL collective mask = 0000
[210] MPID_nem_init_dapl_coll_fns(): User set DAPL collective mask = 0000
[210] MPID_nem_init_dapl_coll_fns(): Effective DAPL collective mask = 0000
[179] MPID_nem_init_dapl_coll_fns(): User set DAPL collective mask = 0000
[179] MPID_nem_init_dapl_coll_fns(): Effective DAPL collective mask = 0000
[74] MPID_nem_init_dapl_coll_fns(): User set DAPL collective mask = 0000
[74] MPID_nem_init_dapl_coll_fns(): Effective DAPL collective mask = 0000
[136] MPID_nem_init_dapl_coll_fns(): User set DAPL collective mask = 0000
[136] MPID_nem_init_dapl_coll_fns(): Effective DAPL collective mask = 0000
[185] MPID_nem_init_dapl_coll_fns(): User set DAPL collective mask = 0000
[185] MPID_nem_init_dapl_coll_fns(): Effective DAPL collective mask = 0000
[80] MPID_nem_init_dapl_coll_fns(): User set DAPL collective mask = 0000
[80] MPID_nem_init_dapl_coll_fns(): Effective DAPL collective mask = 0000
[81] MPID_nem_init_dapl_coll_fns(): User set DAPL collective mask = 0000
[81] MPID_nem_init_dapl_coll_fns(): Effective DAPL collective mask = 0000
[67] MPID_nem_init_dapl_coll_fns(): User set DAPL collective mask = 0000
[67] MPID_nem_init_dapl_coll_fns(): Effective DAPL collective mask = 0000
[120] MPID_nem_init_dapl_coll_fns(): User set DAPL collective mask = 0000
[120] MPID_nem_init_dapl_coll_fns(): Effective DAPL collective mask = 0000
[202] MPID_nem_init_dapl_coll_fns(): User set DAPL collective mask = 0000
[202] MPID_nem_init_dapl_coll_fns(): Effective DAPL collective mask = 0000
[129] MPID_nem_init_dapl_coll_fns(): User set DAPL collective mask = 0000
[129] MPID_nem_init_dapl_coll_fns(): Effective DAPL collective mask = 0000
[117] MPID_nem_init_dapl_coll_fns(): User set DAPL collective mask = 0000
[117] MPID_nem_init_dapl_coll_fns(): Effective DAPL collective mask = 0000
[204] MPID_nem_init_dapl_coll_fns(): User set DAPL collective mask = 0000
[204] MPID_nem_init_dapl_coll_fns(): Effective DAPL collective mask = 0000
[171] MPID_nem_init_dapl_coll_fns(): User set DAPL collective mask = 0000
[171] MPID_nem_init_dapl_coll_fns(): Effective DAPL collective mask = 0000
[223] MPID_nem_init_dapl_coll_fns(): User set DAPL collective mask = 0000
[223] MPID_nem_init_dapl_coll_fns(): Effective DAPL collective mask = 0000
[130] MPID_nem_init_dapl_coll_fns(): User set DAPL collective mask = 0000
[130] MPID_nem_init_dapl_coll_fns(): Effective DAPL collective mask = 0000
[212] MPID_nem_init_dapl_coll_fns(): User set DAPL collective mask = 0000
[212] MPID_nem_init_dapl_coll_fns(): Effective DAPL collective mask = 0000
[187] MPID_nem_init_dapl_coll_fns(): User set DAPL collective mask = 0000
[187] MPID_nem_init_dapl_coll_fns(): Effective DAPL collective mask = 0000
[215] MPID_nem_init_dapl_coll_fns(): User set DAPL collective mask = 0000
[215] MPID_nem_init_dapl_coll_fns(): Effective DAPL collective mask = 0000
[211] MPID_nem_init_dapl_coll_fns(): User set DAPL collective mask = 0000
[211] MPID_nem_init_dapl_coll_fns(): Effective DAPL collective mask = 0000
[59] MPID_nem_init_dapl_coll_fns(): User set DAPL collective mask = 0000
[59] MPID_nem_init_dapl_coll_fns(): Effective DAPL collective mask = 0000
[217] MPID_nem_init_dapl_coll_fns(): User set DAPL collective mask = 0000
[217] MPID_nem_init_dapl_coll_fns(): Effective DAPL collective mask = 0000
[115] MPID_nem_init_dapl_coll_fns(): User set DAPL collective mask = 0000
[115] MPID_nem_init_dapl_coll_fns(): Effective DAPL collective mask = 0000
[213] MPID_nem_init_dapl_coll_fns(): User set DAPL collective mask = 0000
[213] MPID_nem_init_dapl_coll_fns(): Effective DAPL collective mask = 0000
[198] MPID_nem_init_dapl_coll_fns(): User set DAPL collective mask = 0000
[198] MPID_nem_init_dapl_coll_fns(): Effective DAPL collective mask = 0000
[221] MPID_nem_init_dapl_coll_fns(): User set DAPL collective mask = 0000
[221] MPID_nem_init_dapl_coll_fns(): Effective DAPL collective mask = 0000
[205] MPID_nem_init_dapl_coll_fns(): User set DAPL collective mask = 0000
[205] MPID_nem_init_dapl_coll_fns(): Effective DAPL collective mask = 0000
[209] MPID_nem_init_dapl_coll_fns(): User set DAPL collective mask = 0000
[209] MPID_nem_init_dapl_coll_fns(): Effective DAPL collective mask = 0000
[208] MPID_nem_init_dapl_coll_fns(): User set DAPL collective mask = 0000
[208] MPID_nem_init_dapl_coll_fns(): Effective DAPL collective mask = 0000
[123] MPID_nem_init_dapl_coll_fns(): User set DAPL collective mask = 0000
[123] MPID_nem_init_dapl_coll_fns(): Effective DAPL collective mask = 0000
[197] MPID_nem_init_dapl_coll_fns(): User set DAPL collective mask = 0000
[197] MPID_nem_init_dapl_coll_fns(): Effective DAPL collective mask = 0000
[57] MPID_nem_init_dapl_coll_fns(): User set DAPL collective mask = 0000
[57] MPID_nem_init_dapl_coll_fns(): Effective DAPL collective mask = 0000
[128] MPID_nem_init_dapl_coll_fns(): User set DAPL collective mask = 0000
[128] MPID_nem_init_dapl_coll_fns(): Effective DAPL collective mask = 0000
[200] MPID_nem_init_dapl_coll_fns(): User set DAPL collective mask = 0000
[200] MPID_nem_init_dapl_coll_fns(): Effective DAPL collective mask = 0000
[62] MPID_nem_init_dapl_coll_fns(): User set DAPL collective mask = 0000
[62] MPID_nem_init_dapl_coll_fns(): Effective DAPL collective mask = 0000
[139] MPID_nem_init_dapl_coll_fns(): User set DAPL collective mask = 0000
[139] MPID_nem_init_dapl_coll_fns(): Effective DAPL collective mask = 0000
[214] MPID_nem_init_dapl_coll_fns(): User set DAPL collective mask = 0000
[214] MPID_nem_init_dapl_coll_fns(): Effective DAPL collective mask = 0000
[64] MPID_nem_init_dapl_coll_fns(): User set DAPL collective mask = 0000
[64] MPID_nem_init_dapl_coll_fns(): Effective DAPL collective mask = 0000
[121] MPID_nem_init_dapl_coll_fns(): User set DAPL collective mask = 0000
[121] MPID_nem_init_dapl_coll_fns(): Effective DAPL collective mask = 0000
[65] MPID_nem_init_dapl_coll_fns(): User set DAPL collective mask = 0000
[65] MPID_nem_init_dapl_coll_fns(): Effective DAPL collective mask = 0000
[68] MPID_nem_init_dapl_coll_fns(): User set DAPL collective mask = 0000
[68] MPID_nem_init_dapl_coll_fns(): Effective DAPL collective mask = 0000
[71] MPID_nem_init_dapl_coll_fns(): User set DAPL collective mask = 0000
[71] MPID_nem_init_dapl_coll_fns(): Effective DAPL collective mask = 0000
[75] MPID_nem_init_dapl_coll_fns(): User set DAPL collective mask = 0000
[75] MPID_nem_init_dapl_coll_fns(): Effective DAPL collective mask = 0000
[78] MPID_nem_init_dapl_coll_fns(): User set DAPL collective mask = 0000
[78] MPID_nem_init_dapl_coll_fns(): Effective DAPL collective mask = 0000
[0] MPI startup(): Rank    Pid      Node name     Pin cpu
[0] MPI startup(): 0       40674    i20r01c01s01  {0,28}
[0] MPI startup(): 1       40675    i20r01c01s01  {1,29}
[0] MPI startup(): 2       40676    i20r01c01s01  {2,30}
[0] MPI startup(): 3       40677    i20r01c01s01  {3,31}
[0] MPI startup(): 4       40678    i20r01c01s01  {4,32}
[0] MPI startup(): 5       40679    i20r01c01s01  {5,33}
[0] MPI startup(): 6       40680    i20r01c01s01  {6,34}
[0] MPI startup(): 7       40681    i20r01c01s01  {7,35}
[0] MPI startup(): 8       40682    i20r01c01s01  {8,36}
[0] MPI startup(): 9       40683    i20r01c01s01  {9,37}
[0] MPI startup(): 10      40684    i20r01c01s01  {10,38}
[0] MPI startup(): 11      40685    i20r01c01s01  {11,39}
[0] MPI startup(): 12      40686    i20r01c01s01  {12,40}
[0] MPI startup(): 13      40687    i20r01c01s01  {13,41}
[0] MPI startup(): 14      40688    i20r01c01s01  {14,42}
[0] MPI startup(): 15      40689    i20r01c01s01  {15,43}
[0] MPI startup(): 16      40690    i20r01c01s01  {16,44}
[0] MPI startup(): 17      40691    i20r01c01s01  {17,45}
[0] MPI startup(): 18      40692    i20r01c01s01  {18,46}
[0] MPI startup(): 19      40693    i20r01c01s01  {19,47}
[0] MPI startup(): 20      40694    i20r01c01s01  {20,48}
[0] MPI startup(): 21      40695    i20r01c01s01  {21,49}
[0] MPI startup(): 22      40696    i20r01c01s01  {22,50}
[0] MPI startup(): 23      40697    i20r01c01s01  {23,51}
[0] MPI startup(): 24      40698    i20r01c01s01  {24,52}
[0] MPI startup(): 25      40699    i20r01c01s01  {25,53}
[0] MPI startup(): 26      40700    i20r01c01s01  {26,54}
[0] MPI startup(): 27      40701    i20r01c01s01  {27,55}
[0] MPI startup(): 28      4879     i20r01c01s02  {0,28}
[0] MPI startup(): 29      4880     i20r01c01s02  {1,29}
[0] MPI startup(): 30      4881     i20r01c01s02  {2,30}
[0] MPI startup(): 31      4882     i20r01c01s02  {3,31}
[0] MPI startup(): 32      4883     i20r01c01s02  {4,32}
[0] MPI startup(): 33      4884     i20r01c01s02  {5,33}
[0] MPI startup(): 34      4885     i20r01c01s02  {6,34}
[0] MPI startup(): 35      4886     i20r01c01s02  {7,35}
[0] MPI startup(): 36      4887     i20r01c01s02  {8,36}
[0] MPI startup(): 37      4888     i20r01c01s02  {9,37}
[0] MPI startup(): 38      4889     i20r01c01s02  {10,38}
[0] MPI startup(): 39      4890     i20r01c01s02  {11,39}
[0] MPI startup(): 40      4891     i20r01c01s02  {12,40}
[0] MPI startup(): 41      4892     i20r01c01s02  {13,41}
[0] MPI startup(): 42      4893     i20r01c01s02  {14,42}
[0] MPI startup(): 43      4894     i20r01c01s02  {15,43}
[0] MPI startup(): 44      4895     i20r01c01s02  {16,44}
[0] MPI startup(): 45      4896     i20r01c01s02  {17,45}
[0] MPI startup(): 46      4897     i20r01c01s02  {18,46}
[0] MPI startup(): 47      4898     i20r01c01s02  {19,47}
[0] MPI startup(): 48      4899     i20r01c01s02  {20,48}
[0] MPI startup(): 49      4900     i20r01c01s02  {21,49}
[0] MPI startup(): 50      4901     i20r01c01s02  {22,50}
[0] MPI startup(): 51      4902     i20r01c01s02  {23,51}
[0] MPI startup(): 52      4903     i20r01c01s02  {24,52}
[0] MPI startup(): 53      4904     i20r01c01s02  {25,53}
[0] MPI startup(): 54      4905     i20r01c01s02  {26,54}
[0] MPI startup(): 55      4906     i20r01c01s02  {27,55}
[0] MPI startup(): 56      1475     i20r01c01s03  {0,28}
[0] MPI startup(): 57      1476     i20r01c01s03  {1,29}
[0] MPI startup(): 58      1477     i20r01c01s03  {2,30}
[0] MPI startup(): 59      1478     i20r01c01s03  {3,31}
[0] MPI startup(): 60      1479     i20r01c01s03  {4,32}
[0] MPI startup(): 61      1480     i20r01c01s03  {5,33}
[0] MPI startup(): 62      1481     i20r01c01s03  {6,34}
[0] MPI startup(): 63      1482     i20r01c01s03  {7,35}
[0] MPI startup(): 64      1483     i20r01c01s03  {8,36}
[0] MPI startup(): 65      1484     i20r01c01s03  {9,37}
[0] MPI startup(): 66      1485     i20r01c01s03  {10,38}
[0] MPI startup(): 67      1486     i20r01c01s03  {11,39}
[0] MPI startup(): 68      1487     i20r01c01s03  {12,40}
[0] MPI startup(): 69      1488     i20r01c01s03  {13,41}
[0] MPI startup(): 70      1489     i20r01c01s03  {14,42}
[0] MPI startup(): 71      1490     i20r01c01s03  {15,43}
[0] MPI startup(): 72      1491     i20r01c01s03  {16,44}
[0] MPI startup(): 73      1492     i20r01c01s03  {17,45}
[0] MPI startup(): 74      1493     i20r01c01s03  {18,46}
[0] MPI startup(): 75      1494     i20r01c01s03  {19,47}
[0] MPI startup(): 76      1495     i20r01c01s03  {20,48}
[0] MPI startup(): 77      1496     i20r01c01s03  {21,49}
[0] MPI startup(): 78      1497     i20r01c01s03  {22,50}
[0] MPI startup(): 79      1498     i20r01c01s03  {23,51}
[0] MPI startup(): 80      1499     i20r01c01s03  {24,52}
[0] MPI startup(): 81      1500     i20r01c01s03  {25,53}
[0] MPI startup(): 82      1502     i20r01c01s03  {26,54}
[0] MPI startup(): 83      1503     i20r01c01s03  {27,55}
[0] MPI startup(): 84      14104    i20r01c01s04  {0,28}
[0] MPI startup(): 85      14105    i20r01c01s04  {1,29}
[0] MPI startup(): 86      14106    i20r01c01s04  {2,30}
[0] MPI startup(): 87      14107    i20r01c01s04  {3,31}
[0] MPI startup(): 88      14108    i20r01c01s04  {4,32}
[0] MPI startup(): 89      14109    i20r01c01s04  {5,33}
[0] MPI startup(): 90      14110    i20r01c01s04  {6,34}
[0] MPI startup(): 91      14111    i20r01c01s04  {7,35}
[0] MPI startup(): 92      14112    i20r01c01s04  {8,36}
[0] MPI startup(): 93      14113    i20r01c01s04  {9,37}
[0] MPI startup(): 94      14114    i20r01c01s04  {10,38}
[0] MPI startup(): 95      14115    i20r01c01s04  {11,39}
[0] MPI startup(): 96      14116    i20r01c01s04  {12,40}
[0] MPI startup(): 97      14117    i20r01c01s04  {13,41}
[0] MPI startup(): 98      14118    i20r01c01s04  {14,42}
[0] MPI startup(): 99      14119    i20r01c01s04  {15,43}
[0] MPI startup(): 100     14120    i20r01c01s04  {16,44}
[0] MPI startup(): 101     14121    i20r01c01s04  {17,45}
[0] MPI startup(): 102     14122    i20r01c01s04  {18,46}
[0] MPI startup(): 103     14123    i20r01c01s04  {19,47}
[0] MPI startup(): 104     14124    i20r01c01s04  {20,48}
[0] MPI startup(): 105     14125    i20r01c01s04  {21,49}
[0] MPI startup(): 106     14126    i20r01c01s04  {22,50}
[0] MPI startup(): 107     14127    i20r01c01s04  {23,51}
[0] MPI startup(): 108     14128    i20r01c01s04  {24,52}
[0] MPI startup(): 109     14129    i20r01c01s04  {25,53}
[0] MPI startup(): 110     14130    i20r01c01s04  {26,54}
[0] MPI startup(): 111     14131    i20r01c01s04  {27,55}
[0] MPI startup(): 112     24565    i20r01c01s05  {0,28}
[0] MPI startup(): 113     24566    i20r01c01s05  {1,29}
[0] MPI startup(): 114     24567    i20r01c01s05  {2,30}
[0] MPI startup(): 115     24568    i20r01c01s05  {3,31}
[0] MPI startup(): 116     24569    i20r01c01s05  {4,32}
[0] MPI startup(): 117     24570    i20r01c01s05  {5,33}
[0] MPI startup(): 118     24571    i20r01c01s05  {6,34}
[0] MPI startup(): 119     24572    i20r01c01s05  {7,35}
[0] MPI startup(): 120     24573    i20r01c01s05  {8,36}
[0] MPI startup(): 121     24574    i20r01c01s05  {9,37}
[0] MPI startup(): 122     24575    i20r01c01s05  {10,38}
[0] MPI startup(): 123     24576    i20r01c01s05  {11,39}
[0] MPI startup(): 124     24577    i20r01c01s05  {12,40}
[0] MPI startup(): 125     24578    i20r01c01s05  {13,41}
[0] MPI startup(): 126     24579    i20r01c01s05  {14,42}
[0] MPI startup(): 127     24580    i20r01c01s05  {15,43}
[0] MPI startup(): 128     24581    i20r01c01s05  {16,44}
[0] MPI startup(): 129     24582    i20r01c01s05  {17,45}
[0] MPI startup(): 130     24583    i20r01c01s05  {18,46}
[0] MPI startup(): 131     24584    i20r01c01s05  {19,47}
[0] MPI startup(): 132     24585    i20r01c01s05  {20,48}
[0] MPI startup(): 133     24586    i20r01c01s05  {21,49}
[0] MPI startup(): 134     24685    i20r01c01s05  {22,50}
[0] MPI startup(): 135     24686    i20r01c01s05  {23,51}
[0] MPI startup(): 136     24687    i20r01c01s05  {24,52}
[0] MPI startup(): 137     24699    i20r01c01s05  {25,53}
[0] MPI startup(): 138     24700    i20r01c01s05  {26,54}
[0] MPI startup(): 139     24701    i20r01c01s05  {27,55}
[0] MPI startup(): 140     19466    i20r01c01s06  {0,28}
[0] MPI startup(): 141     19467    i20r01c01s06  {1,29}
[0] MPI startup(): 142     19468    i20r01c01s06  {2,30}
[0] MPI startup(): 143     19469    i20r01c01s06  {3,31}
[0] MPI startup(): 144     19470    i20r01c01s06  {4,32}
[0] MPI startup(): 145     19471    i20r01c01s06  {5,33}
[0] MPI startup(): 146     19472    i20r01c01s06  {6,34}
[0] MPI startup(): 147     19473    i20r01c01s06  {7,35}
[0] MPI startup(): 148     19474    i20r01c01s06  {8,36}
[0] MPI startup(): 149     19475    i20r01c01s06  {9,37}
[0] MPI startup(): 150     19476    i20r01c01s06  {10,38}
[0] MPI startup(): 151     19477    i20r01c01s06  {11,39}
[0] MPI startup(): 152     19478    i20r01c01s06  {12,40}
[0] MPI startup(): 153     19479    i20r01c01s06  {13,41}
[0] MPI startup(): 154     19480    i20r01c01s06  {14,42}
[0] MPI startup(): 155     19481    i20r01c01s06  {15,43}
[0] MPI startup(): 156     19482    i20r01c01s06  {16,44}
[0] MPI startup(): 157     19483    i20r01c01s06  {17,45}
[0] MPI startup(): 158     19484    i20r01c01s06  {18,46}
[0] MPI startup(): 159     19485    i20r01c01s06  {19,47}
[0] MPI startup(): 160     19486    i20r01c01s06  {20,48}
[0] MPI startup(): 161     19487    i20r01c01s06  {21,49}
[0] MPI startup(): 162     19488    i20r01c01s06  {22,50}
[0] MPI startup(): 163     19489    i20r01c01s06  {23,51}
[0] MPI startup(): 164     19490    i20r01c01s06  {24,52}
[0] MPI startup(): 165     19491    i20r01c01s06  {25,53}
[0] MPI startup(): 166     19492    i20r01c01s06  {26,54}
[0] MPI startup(): 167     19493    i20r01c01s06  {27,55}
[0] MPI startup(): 168     52999    i20r01c01s07  {0,28}
[0] MPI startup(): 169     53000    i20r01c01s07  {1,29}
[0] MPI startup(): 170     53001    i20r01c01s07  {2,30}
[0] MPI startup(): 171     53002    i20r01c01s07  {3,31}
[0] MPI startup(): 172     53003    i20r01c01s07  {4,32}
[0] MPI startup(): 173     53004    i20r01c01s07  {5,33}
[0] MPI startup(): 174     53005    i20r01c01s07  {6,34}
[0] MPI startup(): 175     53006    i20r01c01s07  {7,35}
[0] MPI startup(): 176     53007    i20r01c01s07  {8,36}
[0] MPI startup(): 177     53008    i20r01c01s07  {9,37}
[0] MPI startup(): 178     53009    i20r01c01s07  {10,38}
[0] MPI startup(): 179     53010    i20r01c01s07  {11,39}
[0] MPI startup(): 180     53011    i20r01c01s07  {12,40}
[0] MPI startup(): 181     53012    i20r01c01s07  {13,41}
[0] MPI startup(): 182     53013    i20r01c01s07  {14,42}
[0] MPI startup(): 183     53014    i20r01c01s07  {15,43}
[0] MPI startup(): 184     53015    i20r01c01s07  {16,44}
[0] MPI startup(): 185     53016    i20r01c01s07  {17,45}
[0] MPI startup(): 186     53017    i20r01c01s07  {18,46}
[0] MPI startup(): 187     53018    i20r01c01s07  {19,47}
[0] MPI startup(): 188     53019    i20r01c01s07  {20,48}
[0] MPI startup(): 189     53020    i20r01c01s07  {21,49}
[0] MPI startup(): 190     53021    i20r01c01s07  {22,50}
[0] MPI startup(): 191     53022    i20r01c01s07  {23,51}
[0] MPI startup(): 192     53023    i20r01c01s07  {24,52}
[0] MPI startup(): 193     53024    i20r01c01s07  {25,53}
[0] MPI startup(): 194     53025    i20r01c01s07  {26,54}
[0] MPI startup(): 195     53026    i20r01c01s07  {27,55}
[0] MPI startup(): 196     24836    i20r01c01s08  {0,28}
[0] MPI startup(): 197     24837    i20r01c01s08  {1,29}
[0] MPI startup(): 198     24838    i20r01c01s08  {2,30}
[0] MPI startup(): 199     24839    i20r01c01s08  {3,31}
[0] MPI startup(): 200     24840    i20r01c01s08  {4,32}
[0] MPI startup(): 201     24841    i20r01c01s08  {5,33}
[0] MPI startup(): 202     24842    i20r01c01s08  {6,34}
[0] MPI startup(): 203     24843    i20r01c01s08  {7,35}
[0] MPI startup(): 204     24844    i20r01c01s08  {8,36}
[0] MPI startup(): 205     24845    i20r01c01s08  {9,37}
[0] MPI startup(): 206     24846    i20r01c01s08  {10,38}
[0] MPI startup(): 207     24847    i20r01c01s08  {11,39}
[0] MPI startup(): 208     24848    i20r01c01s08  {12,40}
[0] MPI startup(): 209     24849    i20r01c01s08  {13,41}
[0] MPI startup(): 210     24850    i20r01c01s08  {14,42}
[0] MPI startup(): 211     24851    i20r01c01s08  {15,43}
[0] MPI startup(): 212     24852    i20r01c01s08  {16,44}
[0] MPI startup(): 213     24853    i20r01c01s08  {17,45}
[0] MPI startup(): 214     24854    i20r01c01s08  {18,46}
[0] MPI startup(): 215     24855    i20r01c01s08  {19,47}
[0] MPI startup(): 216     24856    i20r01c01s08  {20,48}
[0] MPI startup(): 217     24857    i20r01c01s08  {21,49}
[0] MPI startup(): 218     24858    i20r01c01s08  {22,50}
[0] MPI startup(): 219     24859    i20r01c01s08  {23,51}
[0] MPI startup(): 220     24860    i20r01c01s08  {24,52}
[0] MPI startup(): 221     24861    i20r01c01s08  {25,53}
[0] MPI startup(): 222     24862    i20r01c01s08  {26,54}
[0] MPI startup(): 223     24863    i20r01c01s08  {27,55}
[round 1] construction: 21.89
[round 1] algorithm: 27.86
[round 2] construction: 20.98
[round 2] algorithm: 27.75
[round 3] construction: 21.03
[round 3] algorithm: 28.14
[round 4] construction: 21.75
[round 4] algorithm: 29.54
[round 5] construction: 21.07
[round 5] algorithm: 27.96


------------------------------------------------------
Statistics for LoadLeveler job srv24ib.794243.0:

number of nodes: 8
number of MPI tasks: 224

memory consumption (high water mark): 107.69 GiB (24.04% of consumable memory)

maximum memory per node: 14.01 GiB (25.02% of consumable memory)
minimum memory per node: 12.32 GiB (22% of consumable memory)
average memory per node: 13.46 GiB (24.04% of consumable memory)

