\BOOKMARK [0][-]{chapter.1}{Introduction}{}% 1
\BOOKMARK [1][-]{section.1.1}{Motivation}{chapter.1}% 2
\BOOKMARK [1][-]{section.1.2}{Scope}{chapter.1}% 3
\BOOKMARK [0][-]{chapter.2}{Background}{}% 4
\BOOKMARK [1][-]{section.2.1}{Graph definition}{chapter.2}% 5
\BOOKMARK [1][-]{section.2.2}{Standard Template Library}{chapter.2}% 6
\BOOKMARK [1][-]{section.2.3}{Partitioned Global Address Space}{chapter.2}% 7
\BOOKMARK [1][-]{section.2.4}{DASH Library}{chapter.2}% 8
\BOOKMARK [0][-]{chapter.3}{Related Work}{}% 9
\BOOKMARK [1][-]{section.3.1}{Shared Memory}{chapter.3}% 10
\BOOKMARK [2][-]{subsection.3.1.1}{STINGER}{section.3.1}% 11
\BOOKMARK [2][-]{subsection.3.1.2}{Ligra}{section.3.1}% 12
\BOOKMARK [1][-]{section.3.2}{Distributed Memory}{chapter.3}% 13
\BOOKMARK [2][-]{subsection.3.2.1}{Parallel Boost Graph Library}{section.3.2}% 14
\BOOKMARK [2][-]{subsection.3.2.2}{STAPL Parallel Graph Library}{section.3.2}% 15
\BOOKMARK [0][-]{chapter.4}{Container Concept}{}% 16
\BOOKMARK [1][-]{section.4.1}{Interface semantics}{chapter.4}% 17
\BOOKMARK [1][-]{section.4.2}{Computational constraints/assumptions}{chapter.4}% 18
\BOOKMARK [1][-]{section.4.3}{Memory Space}{chapter.4}% 19
\BOOKMARK [1][-]{section.4.4}{Index Space}{chapter.4}% 20
\BOOKMARK [1][-]{section.4.5}{Iteration Space}{chapter.4}% 21
\BOOKMARK [0][-]{chapter.5}{Reference Implementation}{}% 22
\BOOKMARK [0][-]{chapter.6}{Case studies}{}% 23
\BOOKMARK [1][-]{section.6.1}{Static structure}{chapter.6}% 24
\BOOKMARK [2][-]{subsection.6.1.1}{Graph traversal}{section.6.1}% 25
\BOOKMARK [2][-]{subsection.6.1.2}{Shortest path evaluation}{section.6.1}% 26
\BOOKMARK [1][-]{section.6.2}{Dynamic Structure}{chapter.6}% 27
\BOOKMARK [2][-]{subsection.6.2.1}{Graph partitioning}{section.6.2}% 28
\BOOKMARK [2][-]{subsection.6.2.2}{De Bruijn Graph construction}{section.6.2}% 29
\BOOKMARK [0][-]{chapter.7}{Evaluation}{}% 30
\BOOKMARK [1][-]{section.7.1}{Micro-benchmarks}{chapter.7}% 31
\BOOKMARK [0][-]{chapter.8}{Conclusion}{}% 32
\BOOKMARK [1][-]{section.8.1}{Summary}{chapter.8}% 33
\BOOKMARK [1][-]{section.8.2}{Assessment}{chapter.8}% 34
\BOOKMARK [1][-]{section.8.3}{Outlook}{chapter.8}% 35
\BOOKMARK [0][-]{chapter*.2}{Abbildungsverzeichnis}{}% 36
\BOOKMARK [0][-]{chapter*.3}{Literaturverzeichnis}{}% 37
