[0] MPI startup(): Multi-threaded optimized library
[0] MPI startup(): shm data transfer mode
[1] MPI startup(): shm data transfer mode
[3] MPI startup(): shm data transfer mode
[2] MPI startup(): shm data transfer mode
[0] MPI startup(): Rank    Pid      Node name     Pin cpu
[0] MPI startup(): 0       56451    i20r01c01s01  {0,1,2,3,4,5,6,28,29,30,31,32,33,34}
[0] MPI startup(): 1       56452    i20r01c01s01  {7,8,9,10,11,12,13,35,36,37,38,39,40,41}
[0] MPI startup(): 2       56453    i20r01c01s01  {14,15,16,17,18,19,20,42,43,44,45,46,47,48}
[0] MPI startup(): 3       56454    i20r01c01s01  {21,22,23,24,25,26,27,49,50,51,52,53,54,55}
[round 1] construction: 10.99
[round 1] algorithm: 14.22
[round 2] construction: 11.05
[round 2] algorithm: 14.21
[round 3] construction: 11.11
[round 3] algorithm: 14.16
[round 4] construction: 10.92
[round 4] algorithm: 14.1
[round 5] construction: 11.08
[round 5] algorithm: 14.12


------------------------------------------------------
Statistics for LoadLeveler job srv23ib.794391.0:

number of nodes: 1
number of MPI tasks: 4

memory consumption (high water mark): 1.39 GiB (2.48% of consumable memory)


